---------------------------------------------------------------
[ 2018-11-10T18:34:38+08:00 ] 127.0.0.1 GET /assets/css/frontend.css.map
[ info ] www.chat.com/assets/css/frontend.css.map [运行时间：0.058000s][吞吐率：17.24req/s] [内存消耗：1,787.00kb] [文件加载：60]
[ info ] [ BEHAVIOR ] Run Closure @app_init [ RunTime:0.001000s ]
[ info ] [ CACHE ] INIT File
[ info ] [ BEHAVIOR ] Run Closure @app_init [ RunTime:0.008000s ]
[ info ] [ LANG ] E:\PHPstudy\PHPTutorial\WWW\chat\thinkphp\lang\zh-cn.php
[ info ] [ ROUTE ] array (
  'type' => 'module',
  'module' => 
  array (
    0 => 'assets',
    1 => 'css',
    2 => 'frontend.css.map',
  ),
)
[ info ] [ HEADER ] array (
  'host' => 'www.chat.com',
  'connection' => 'keep-alive',
  'user-agent' => 'Mozilla/5.0 (iPhone; CPU iPhone OS 11_0 like Mac OS X) AppleWebKit/604.1.38 (KHTML, like Gecko) Version/11.0 Mobile/15A372 Safari/604.1',
  'accept-encoding' => 'gzip, deflate',
  'accept-language' => 'zh-CN,zh;q=0.9',
  'cookie' => 'PHPSESSID=l1ubde7nvbb3o0n1gcbvebgdh6; userinfo=think%3A%7B%22id%22%3A%221000%22%2C%22username%22%3A%22yangmengyu%22%2C%22sign%22%3A%22%22%2C%22avatar%22%3A%22%252Fuploads%252F20180713%252F9f4be87510289a6a312efb28d86d5bb5.jpg%22%2C%22token%22%3A%22Y5LfNUC3RFMcgOIw%252B%252FqyrCUGURTtWev8QOY8kJ3hAlR17Dx%252FSx4SK0NJ0hoXkVWV%252FQ6P1INeadYn4uVUTcLpXg%253D%253D%22%7D; uid=1000; token=8b455c43-323a-4e5c-9b8d-da1ffefd85a5',
)
[ info ] [ PARAM ] array (
)
[ info ] [ LOG ] INIT File
---------------------------------------------------------------
[ 2018-11-10T18:34:38+08:00 ] 127.0.0.1 GET /assets/home/css/cropper.min.css.map
[ info ] www.chat.com/assets/home/css/cropper.min.css.map [运行时间：0.062000s][吞吐率：16.13req/s] [内存消耗：1,786.94kb] [文件加载：60]
[ info ] [ BEHAVIOR ] Run Closure @app_init [ RunTime:0.000000s ]
[ info ] [ CACHE ] INIT File
[ info ] [ BEHAVIOR ] Run Closure @app_init [ RunTime:0.007000s ]
[ info ] [ LANG ] E:\PHPstudy\PHPTutorial\WWW\chat\thinkphp\lang\zh-cn.php
[ info ] [ ROUTE ] array (
  'type' => 'module',
  'module' => 
  array (
    0 => 'assets',
    1 => 'home',
    2 => 'css',
  ),
)
[ info ] [ HEADER ] array (
  'host' => 'www.chat.com',
  'connection' => 'keep-alive',
  'user-agent' => 'Mozilla/5.0 (iPhone; CPU iPhone OS 11_0 like Mac OS X) AppleWebKit/604.1.38 (KHTML, like Gecko) Version/11.0 Mobile/15A372 Safari/604.1',
  'accept-encoding' => 'gzip, deflate',
  'accept-language' => 'zh-CN,zh;q=0.9',
  'cookie' => 'PHPSESSID=l1ubde7nvbb3o0n1gcbvebgdh6; userinfo=think%3A%7B%22id%22%3A%221000%22%2C%22username%22%3A%22yangmengyu%22%2C%22sign%22%3A%22%22%2C%22avatar%22%3A%22%252Fuploads%252F20180713%252F9f4be87510289a6a312efb28d86d5bb5.jpg%22%2C%22token%22%3A%22Y5LfNUC3RFMcgOIw%252B%252FqyrCUGURTtWev8QOY8kJ3hAlR17Dx%252FSx4SK0NJ0hoXkVWV%252FQ6P1INeadYn4uVUTcLpXg%253D%253D%22%7D; uid=1000; token=8b455c43-323a-4e5c-9b8d-da1ffefd85a5',
)
[ info ] [ PARAM ] array (
)
[ info ] [ LOG ] INIT File
---------------------------------------------------------------
[ 2018-11-10T18:34:39+08:00 ] 127.0.0.1 GET /index/chat/get_user_data.html?_=1541846078454
[ info ] www.chat.com/index/chat/get_user_data.html?_=1541846078454 [运行时间：0.196000s][吞吐率：5.10req/s] [内存消耗：3,818.63kb] [文件加载：87]
[ info ] [ BEHAVIOR ] Run Closure @app_init [ RunTime:0.000000s ]
[ info ] [ CACHE ] INIT File
[ info ] [ BEHAVIOR ] Run Closure @app_init [ RunTime:0.012000s ]
[ info ] [ LANG ] E:\PHPstudy\PHPTutorial\WWW\chat\thinkphp\lang\zh-cn.php
[ info ] [ ROUTE ] array (
  'type' => 'module',
  'module' => 
  array (
    0 => 'index',
    1 => 'chat',
    2 => 'get_user_data',
  ),
)
[ info ] [ HEADER ] array (
  'host' => 'www.chat.com',
  'connection' => 'keep-alive',
  'accept' => 'application/json, text/javascript, */*; q=0.01',
  'x-requested-with' => 'XMLHttpRequest',
  'user-agent' => 'Mozilla/5.0 (iPhone; CPU iPhone OS 11_0 like Mac OS X) AppleWebKit/604.1.38 (KHTML, like Gecko) Version/11.0 Mobile/15A372 Safari/604.1',
  'referer' => 'http://www.chat.com/index/user/profile.html',
  'accept-encoding' => 'gzip, deflate',
  'accept-language' => 'zh-CN,zh;q=0.9',
  'cookie' => 'PHPSESSID=l1ubde7nvbb3o0n1gcbvebgdh6; userinfo=think%3A%7B%22id%22%3A%221000%22%2C%22username%22%3A%22yangmengyu%22%2C%22sign%22%3A%22%22%2C%22avatar%22%3A%22%252Fuploads%252F20180713%252F9f4be87510289a6a312efb28d86d5bb5.jpg%22%2C%22token%22%3A%22Y5LfNUC3RFMcgOIw%252B%252FqyrCUGURTtWev8QOY8kJ3hAlR17Dx%252FSx4SK0NJ0hoXkVWV%252FQ6P1INeadYn4uVUTcLpXg%253D%253D%22%7D; uid=1000; token=8b455c43-323a-4e5c-9b8d-da1ffefd85a5',
)
[ info ] [ PARAM ] array (
  '_' => '1541846078454',
)
[ info ] [ LANG ] E:\PHPstudy\PHPTutorial\WWW\chat\public/../application/index\lang\zh-cn.php
[ info ] [ BEHAVIOR ] Run app\common\behavior\Common @module_init [ RunTime:0.003000s ]
[ info ] [ TOKEN ] INIT Mysql
[ info ] [ DB ] INIT mysql
[ info ] [ LANG ] E:\PHPstudy\PHPTutorial\WWW\chat\public/../application/index/lang/zh-cn/chat.php
[ info ] [ RUN ] app\index\controller\Chat->get_user_data[ E:\PHPstudy\PHPTutorial\WWW\chat\application\index\controller\Chat.php ]
[ info ] [ LOG ] INIT File
[ sql ] [ DB ] CONNECT:[ UseTime:0.012000s ] mysql:host=127.0.0.1;port=3306;dbname=chat;charset=utf8
[ sql ] [ SQL ] SHOW COLUMNS FROM `fa_user_token` [ RunTime:0.015000s ]
[ sql ] [ SQL ] SELECT * FROM `fa_user_token` WHERE  `token` = '33c4db6aabfab7118652a9ec06ec04f3d61d35c1' LIMIT 1 [ RunTime:0.000000s ]
[ sql ] [ SQL ] SHOW COLUMNS FROM `fa_user` [ RunTime:0.013000s ]
[ sql ] [ SQL ] SELECT * FROM `fa_user` WHERE  `id` = 1000 LIMIT 1 [ RunTime:0.000000s ]
[ sql ] [ SQL ] SHOW COLUMNS FROM `fa_user_group` [ RunTime:0.014000s ]
[ sql ] [ SQL ] SELECT * FROM `fa_user_group` WHERE  `id` = 2 LIMIT 1 [ RunTime:0.001000s ]
[ sql ] [ SQL ] SHOW COLUMNS FROM `fa_user_rule` [ RunTime:0.013000s ]
[ sql ] [ SQL ] SELECT `id`,`pid`,`name`,`title`,`ismenu` FROM `fa_user_rule` WHERE  `status` = 'normal'  AND `id` IN (1,2,3,4,5,6,7,8,9,10,11,12,13,15,16,17,19,20,21,22,23,24,25,26,27,28,29,30,31,32,33,34,35) [ RunTime:0.000000s ]
[ sql ] [ SQL ] SHOW COLUMNS FROM `fa_mygroup` [ RunTime:0.014000s ]
[ sql ] [ SQL ] SELECT * FROM `fa_mygroup` WHERE  `user_id` = 1000 ORDER BY `weight` ASC [ RunTime:0.000000s ]
[ sql ] [ SQL ] SHOW COLUMNS FROM `fa_myfriend` [ RunTime:0.012000s ]
[ sql ] [ SQL ] SELECT `f`.`mygroup_id`,`f`.`user_id`,`u`.`id`,u.nickname as username,`u`.`avatar`,u.bio as sign FROM `fa_myfriend` `f` INNER JOIN `fa_user` `u` ON `f`.`user_id`=`u`.`id` WHERE  `f`.`mygroup_id` = 9 [ RunTime:0.001000s ]
[ sql ] [ SQL ] SELECT `f`.`mygroup_id`,`f`.`user_id`,`u`.`id`,u.nickname as username,`u`.`avatar`,u.bio as sign FROM `fa_myfriend` `f` INNER JOIN `fa_user` `u` ON `f`.`user_id`=`u`.`id` WHERE  `f`.`mygroup_id` = 11 [ RunTime:0.001000s ]
[ sql ] [ SQL ] SELECT nickname as username,`id`,bio as sign,`avatar`,online as status FROM `fa_user` WHERE  `id` = 1000 LIMIT 1 [ RunTime:0.000000s ]
---------------------------------------------------------------
[ 2018-11-10T18:34:39+08:00 ] 127.0.0.1 POST /index/chat/getmsgboxnum.html
[ info ] www.chat.com/index/chat/getmsgboxnum.html [运行时间：0.137000s][吞吐率：7.30req/s] [内存消耗：3,653.89kb] [文件加载：86]
[ info ] [ BEHAVIOR ] Run Closure @app_init [ RunTime:0.000000s ]
[ info ] [ CACHE ] INIT File
[ info ] [ BEHAVIOR ] Run Closure @app_init [ RunTime:0.009000s ]
[ info ] [ LANG ] E:\PHPstudy\PHPTutorial\WWW\chat\thinkphp\lang\zh-cn.php
[ info ] [ ROUTE ] array (
  'type' => 'module',
  'module' => 
  array (
    0 => 'index',
    1 => 'chat',
    2 => 'getmsgboxnum',
  ),
)
[ info ] [ HEADER ] array (
  'host' => 'www.chat.com',
  'connection' => 'keep-alive',
  'content-length' => '0',
  'accept' => '*/*',
  'origin' => 'http://www.chat.com',
  'x-requested-with' => 'XMLHttpRequest',
  'user-agent' => 'Mozilla/5.0 (iPhone; CPU iPhone OS 11_0 like Mac OS X) AppleWebKit/604.1.38 (KHTML, like Gecko) Version/11.0 Mobile/15A372 Safari/604.1',
  'referer' => 'http://www.chat.com/index/user/profile.html',
  'accept-encoding' => 'gzip, deflate',
  'accept-language' => 'zh-CN,zh;q=0.9',
  'cookie' => 'PHPSESSID=l1ubde7nvbb3o0n1gcbvebgdh6; userinfo=think%3A%7B%22id%22%3A%221000%22%2C%22username%22%3A%22yangmengyu%22%2C%22sign%22%3A%22%22%2C%22avatar%22%3A%22%252Fuploads%252F20180713%252F9f4be87510289a6a312efb28d86d5bb5.jpg%22%2C%22token%22%3A%22Y5LfNUC3RFMcgOIw%252B%252FqyrCUGURTtWev8QOY8kJ3hAlR17Dx%252FSx4SK0NJ0hoXkVWV%252FQ6P1INeadYn4uVUTcLpXg%253D%253D%22%7D; uid=1000; token=8b455c43-323a-4e5c-9b8d-da1ffefd85a5',
)
[ info ] [ PARAM ] array (
)
[ info ] [ LANG ] E:\PHPstudy\PHPTutorial\WWW\chat\public/../application/index\lang\zh-cn.php
[ info ] [ BEHAVIOR ] Run app\common\behavior\Common @module_init [ RunTime:0.000000s ]
[ info ] [ TOKEN ] INIT Mysql
[ info ] [ DB ] INIT mysql
[ info ] [ LANG ] E:\PHPstudy\PHPTutorial\WWW\chat\public/../application/index/lang/zh-cn/chat.php
[ info ] [ RUN ] app\index\controller\Chat->getmsgboxnum[ E:\PHPstudy\PHPTutorial\WWW\chat\application\index\controller\Chat.php ]
[ info ] [ LOG ] INIT File
[ sql ] [ DB ] CONNECT:[ UseTime:0.003000s ] mysql:host=127.0.0.1;port=3306;dbname=chat;charset=utf8
[ sql ] [ SQL ] SHOW COLUMNS FROM `fa_user_token` [ RunTime:0.017000s ]
[ sql ] [ SQL ] SELECT * FROM `fa_user_token` WHERE  `token` = '33c4db6aabfab7118652a9ec06ec04f3d61d35c1' LIMIT 1 [ RunTime:0.001000s ]
[ sql ] [ SQL ] SHOW COLUMNS FROM `fa_user` [ RunTime:0.013000s ]
[ sql ] [ SQL ] SELECT * FROM `fa_user` WHERE  `id` = 1000 LIMIT 1 [ RunTime:0.001000s ]
[ sql ] [ SQL ] SHOW COLUMNS FROM `fa_mymsg` [ RunTime:0.018000s ]
[ sql ] [ SQL ] SELECT COUNT(*) AS tp_count FROM `fa_mymsg` WHERE  (  `to` = 1000  AND `status` = 1 ) OR (  `from` = 1000  AND `status` IN (2,3) ) LIMIT 1 [ RunTime:0.001000s ]
---------------------------------------------------------------
[ 2018-11-10T18:34:48+08:00 ] 127.0.0.1 GET /index/user/remail.html
[ info ] www.chat.com/index/user/remail.html [运行时间：0.155000s][吞吐率：6.45req/s] [内存消耗：3,623.70kb] [文件加载：84]
[ info ] [ BEHAVIOR ] Run Closure @app_init [ RunTime:0.000000s ]
[ info ] [ CACHE ] INIT File
[ info ] [ BEHAVIOR ] Run Closure @app_init [ RunTime:0.009000s ]
[ info ] [ LANG ] E:\PHPstudy\PHPTutorial\WWW\chat\thinkphp\lang\zh-cn.php
[ info ] [ ROUTE ] array (
  'type' => 'module',
  'module' => 
  array (
    0 => 'index',
    1 => 'user',
    2 => 'remail',
  ),
)
[ info ] [ HEADER ] array (
  'host' => 'www.chat.com',
  'connection' => 'keep-alive',
  'upgrade-insecure-requests' => '1',
  'user-agent' => 'Mozilla/5.0 (iPhone; CPU iPhone OS 11_0 like Mac OS X) AppleWebKit/604.1.38 (KHTML, like Gecko) Version/11.0 Mobile/15A372 Safari/604.1',
  'accept' => 'text/html,application/xhtml+xml,application/xml;q=0.9,image/webp,image/apng,*/*;q=0.8',
  'referer' => 'http://www.chat.com/index/user/profile.html',
  'accept-encoding' => 'gzip, deflate',
  'accept-language' => 'zh-CN,zh;q=0.9',
  'cookie' => 'PHPSESSID=l1ubde7nvbb3o0n1gcbvebgdh6; userinfo=think%3A%7B%22id%22%3A%221000%22%2C%22username%22%3A%22yangmengyu%22%2C%22sign%22%3A%22%22%2C%22avatar%22%3A%22%252Fuploads%252F20180713%252F9f4be87510289a6a312efb28d86d5bb5.jpg%22%2C%22token%22%3A%22Y5LfNUC3RFMcgOIw%252B%252FqyrCUGURTtWev8QOY8kJ3hAlR17Dx%252FSx4SK0NJ0hoXkVWV%252FQ6P1INeadYn4uVUTcLpXg%253D%253D%22%7D; uid=1000; token=8b455c43-323a-4e5c-9b8d-da1ffefd85a5',
)
[ info ] [ PARAM ] array (
)
[ info ] [ LANG ] E:\PHPstudy\PHPTutorial\WWW\chat\public/../application/index\lang\zh-cn.php
[ info ] [ BEHAVIOR ] Run app\common\behavior\Common @module_init [ RunTime:0.002000s ]
[ info ] [ TOKEN ] INIT Mysql
[ info ] [ DB ] INIT mysql
[ info ] [ LANG ] E:\PHPstudy\PHPTutorial\WWW\chat\public/../application/index/lang/zh-cn/user.php
[ info ] [ RUN ] app\index\controller\User->remail[ E:\PHPstudy\PHPTutorial\WWW\chat\application\index\controller\User.php ]
[ info ] [ VIEW ] E:\PHPstudy\PHPTutorial\WWW\chat\public/../application/index\view\user\remail.html [ array (
  0 => 'ismobile',
  1 => 'user',
  2 => 'userinfo',
  3 => 'site',
  4 => 'config',
) ]
[ info ] [ LOG ] INIT File
[ sql ] [ DB ] CONNECT:[ UseTime:0.003000s ] mysql:host=127.0.0.1;port=3306;dbname=chat;charset=utf8
[ sql ] [ SQL ] SHOW COLUMNS FROM `fa_user_token` [ RunTime:0.016000s ]
[ sql ] [ SQL ] SELECT * FROM `fa_user_token` WHERE  `token` = '33c4db6aabfab7118652a9ec06ec04f3d61d35c1' LIMIT 1 [ RunTime:0.001000s ]
[ sql ] [ SQL ] SHOW COLUMNS FROM `fa_user` [ RunTime:0.014000s ]
[ sql ] [ SQL ] SELECT * FROM `fa_user` WHERE  `id` = 1000 LIMIT 1 [ RunTime:0.001000s ]
---------------------------------------------------------------
[ 2018-11-10T18:34:48+08:00 ] 127.0.0.1 GET /assets/css/fastadmin.css.map
[ info ] www.chat.com/assets/css/fastadmin.css.map [运行时间：0.052000s][吞吐率：19.23req/s] [内存消耗：1,786.90kb] [文件加载：60]
[ info ] [ BEHAVIOR ] Run Closure @app_init [ RunTime:0.001000s ]
[ info ] [ CACHE ] INIT File
[ info ] [ BEHAVIOR ] Run Closure @app_init [ RunTime:0.006000s ]
[ info ] [ LANG ] E:\PHPstudy\PHPTutorial\WWW\chat\thinkphp\lang\zh-cn.php
[ info ] [ ROUTE ] array (
  'type' => 'module',
  'module' => 
  array (
    0 => 'assets',
    1 => 'css',
    2 => 'fastadmin.css.map',
  ),
)
[ info ] [ HEADER ] array (
  'host' => 'www.chat.com',
  'connection' => 'keep-alive',
  'user-agent' => 'Mozilla/5.0 (iPhone; CPU iPhone OS 11_0 like Mac OS X) AppleWebKit/604.1.38 (KHTML, like Gecko) Version/11.0 Mobile/15A372 Safari/604.1',
  'accept-encoding' => 'gzip, deflate',
  'accept-language' => 'zh-CN,zh;q=0.9',
  'cookie' => 'PHPSESSID=l1ubde7nvbb3o0n1gcbvebgdh6; userinfo=think%3A%7B%22id%22%3A%221000%22%2C%22username%22%3A%22yangmengyu%22%2C%22sign%22%3A%22%22%2C%22avatar%22%3A%22%252Fuploads%252F20180713%252F9f4be87510289a6a312efb28d86d5bb5.jpg%22%2C%22token%22%3A%22Y5LfNUC3RFMcgOIw%252B%252FqyrCUGURTtWev8QOY8kJ3hAlR17Dx%252FSx4SK0NJ0hoXkVWV%252FQ6P1INeadYn4uVUTcLpXg%253D%253D%22%7D; uid=1000; token=8b455c43-323a-4e5c-9b8d-da1ffefd85a5',
)
[ info ] [ PARAM ] array (
)
[ info ] [ LOG ] INIT File
---------------------------------------------------------------
[ 2018-11-10T18:34:48+08:00 ] 127.0.0.1 GET /assets/css/bootstrap.css.map
[ info ] www.chat.com/assets/css/bootstrap.css.map [运行时间：0.055000s][吞吐率：18.18req/s] [内存消耗：1,786.90kb] [文件加载：60]
[ info ] [ BEHAVIOR ] Run Closure @app_init [ RunTime:0.000000s ]
[ info ] [ CACHE ] INIT File
[ info ] [ BEHAVIOR ] Run Closure @app_init [ RunTime:0.005000s ]
[ info ] [ LANG ] E:\PHPstudy\PHPTutorial\WWW\chat\thinkphp\lang\zh-cn.php
[ info ] [ ROUTE ] array (
  'type' => 'module',
  'module' => 
  array (
    0 => 'assets',
    1 => 'css',
    2 => 'bootstrap.css.map',
  ),
)
[ info ] [ HEADER ] array (
  'host' => 'www.chat.com',
  'connection' => 'keep-alive',
  'user-agent' => 'Mozilla/5.0 (iPhone; CPU iPhone OS 11_0 like Mac OS X) AppleWebKit/604.1.38 (KHTML, like Gecko) Version/11.0 Mobile/15A372 Safari/604.1',
  'accept-encoding' => 'gzip, deflate',
  'accept-language' => 'zh-CN,zh;q=0.9',
  'cookie' => 'PHPSESSID=l1ubde7nvbb3o0n1gcbvebgdh6; userinfo=think%3A%7B%22id%22%3A%221000%22%2C%22username%22%3A%22yangmengyu%22%2C%22sign%22%3A%22%22%2C%22avatar%22%3A%22%252Fuploads%252F20180713%252F9f4be87510289a6a312efb28d86d5bb5.jpg%22%2C%22token%22%3A%22Y5LfNUC3RFMcgOIw%252B%252FqyrCUGURTtWev8QOY8kJ3hAlR17Dx%252FSx4SK0NJ0hoXkVWV%252FQ6P1INeadYn4uVUTcLpXg%253D%253D%22%7D; uid=1000; token=8b455c43-323a-4e5c-9b8d-da1ffefd85a5',
)
[ info ] [ PARAM ] array (
)
[ info ] [ LOG ] INIT File
---------------------------------------------------------------
[ 2018-11-10T18:34:48+08:00 ] 127.0.0.1 GET /assets/css/frontend.css.map
[ info ] www.chat.com/assets/css/frontend.css.map [运行时间：0.064000s][吞吐率：15.63req/s] [内存消耗：1,786.90kb] [文件加载：60]
[ info ] [ BEHAVIOR ] Run Closure @app_init [ RunTime:0.000000s ]
[ info ] [ CACHE ] INIT File
[ info ] [ BEHAVIOR ] Run Closure @app_init [ RunTime:0.005000s ]
[ info ] [ LANG ] E:\PHPstudy\PHPTutorial\WWW\chat\thinkphp\lang\zh-cn.php
[ info ] [ ROUTE ] array (
  'type' => 'module',
  'module' => 
  array (
    0 => 'assets',
    1 => 'css',
    2 => 'frontend.css.map',
  ),
)
[ info ] [ HEADER ] array (
  'host' => 'www.chat.com',
  'connection' => 'keep-alive',
  'user-agent' => 'Mozilla/5.0 (iPhone; CPU iPhone OS 11_0 like Mac OS X) AppleWebKit/604.1.38 (KHTML, like Gecko) Version/11.0 Mobile/15A372 Safari/604.1',
  'accept-encoding' => 'gzip, deflate',
  'accept-language' => 'zh-CN,zh;q=0.9',
  'cookie' => 'PHPSESSID=l1ubde7nvbb3o0n1gcbvebgdh6; userinfo=think%3A%7B%22id%22%3A%221000%22%2C%22username%22%3A%22yangmengyu%22%2C%22sign%22%3A%22%22%2C%22avatar%22%3A%22%252Fuploads%252F20180713%252F9f4be87510289a6a312efb28d86d5bb5.jpg%22%2C%22token%22%3A%22Y5LfNUC3RFMcgOIw%252B%252FqyrCUGURTtWev8QOY8kJ3hAlR17Dx%252FSx4SK0NJ0hoXkVWV%252FQ6P1INeadYn4uVUTcLpXg%253D%253D%22%7D; uid=1000; token=8b455c43-323a-4e5c-9b8d-da1ffefd85a5',
)
[ info ] [ PARAM ] array (
)
[ info ] [ LOG ] INIT File
---------------------------------------------------------------
[ 2018-11-10T18:34:48+08:00 ] 127.0.0.1 GET /index/ajax/lang?callback=define&controllername=user&v=1541846088
[ info ] www.chat.com/index/ajax/lang?callback=define&controllername=user&v=1541846088 [运行时间：0.107000s][吞吐率：9.35req/s] [内存消耗：3,527.76kb] [文件加载：84]
[ info ] [ BEHAVIOR ] Run Closure @app_init [ RunTime:0.000000s ]
[ info ] [ CACHE ] INIT File
[ info ] [ BEHAVIOR ] Run Closure @app_init [ RunTime:0.007000s ]
[ info ] [ LANG ] E:\PHPstudy\PHPTutorial\WWW\chat\thinkphp\lang\zh-cn.php
[ info ] [ ROUTE ] array (
  'type' => 'module',
  'module' => 
  array (
    0 => 'index',
    1 => 'ajax',
    2 => 'lang',
  ),
)
[ info ] [ HEADER ] array (
  'host' => 'www.chat.com',
  'connection' => 'keep-alive',
  'user-agent' => 'Mozilla/5.0 (iPhone; CPU iPhone OS 11_0 like Mac OS X) AppleWebKit/604.1.38 (KHTML, like Gecko) Version/11.0 Mobile/15A372 Safari/604.1',
  'accept' => '*/*',
  'referer' => 'http://www.chat.com/index/user/remail.html',
  'accept-encoding' => 'gzip, deflate',
  'accept-language' => 'zh-CN,zh;q=0.9',
  'cookie' => 'PHPSESSID=l1ubde7nvbb3o0n1gcbvebgdh6; userinfo=think%3A%7B%22id%22%3A%221000%22%2C%22username%22%3A%22yangmengyu%22%2C%22sign%22%3A%22%22%2C%22avatar%22%3A%22%252Fuploads%252F20180713%252F9f4be87510289a6a312efb28d86d5bb5.jpg%22%2C%22token%22%3A%22Y5LfNUC3RFMcgOIw%252B%252FqyrCUGURTtWev8QOY8kJ3hAlR17Dx%252FSx4SK0NJ0hoXkVWV%252FQ6P1INeadYn4uVUTcLpXg%253D%253D%22%7D; uid=1000; token=8b455c43-323a-4e5c-9b8d-da1ffefd85a5',
)
[ info ] [ PARAM ] array (
  'callback' => 'define',
  'controllername' => 'user',
  'v' => '1541846088',
)
[ info ] [ LANG ] E:\PHPstudy\PHPTutorial\WWW\chat\public/../application/index\lang\zh-cn.php
[ info ] [ BEHAVIOR ] Run app\common\behavior\Common @module_init [ RunTime:0.000000s ]
[ info ] [ TOKEN ] INIT Mysql
[ info ] [ DB ] INIT mysql
[ info ] [ LANG ] E:\PHPstudy\PHPTutorial\WWW\chat\public/../application/index/lang/zh-cn/ajax.php
[ info ] [ RUN ] app\index\controller\Ajax->lang[ E:\PHPstudy\PHPTutorial\WWW\chat\application\index\controller\Ajax.php ]
[ info ] [ LANG ] E:\PHPstudy\PHPTutorial\WWW\chat\public/../application/index/lang/zh-cn/user.php
[ info ] [ LOG ] INIT File
[ sql ] [ DB ] CONNECT:[ UseTime:0.003000s ] mysql:host=127.0.0.1;port=3306;dbname=chat;charset=utf8
[ sql ] [ SQL ] SHOW COLUMNS FROM `fa_user_token` [ RunTime:0.014000s ]
[ sql ] [ SQL ] SELECT * FROM `fa_user_token` WHERE  `token` = '33c4db6aabfab7118652a9ec06ec04f3d61d35c1' LIMIT 1 [ RunTime:0.000000s ]
[ sql ] [ SQL ] SHOW COLUMNS FROM `fa_user` [ RunTime:0.013000s ]
[ sql ] [ SQL ] SELECT * FROM `fa_user` WHERE  `id` = 1000 LIMIT 1 [ RunTime:0.001000s ]
---------------------------------------------------------------
[ 2018-11-10T18:34:53+08:00 ] 127.0.0.1 GET /index/user/remail.html
[ info ] www.chat.com/index/user/remail.html [运行时间：0.130000s][吞吐率：7.69req/s] [内存消耗：3,623.70kb] [文件加载：84]
[ info ] [ BEHAVIOR ] Run Closure @app_init [ RunTime:0.000000s ]
[ info ] [ CACHE ] INIT File
[ info ] [ BEHAVIOR ] Run Closure @app_init [ RunTime:0.007000s ]
[ info ] [ LANG ] E:\PHPstudy\PHPTutorial\WWW\chat\thinkphp\lang\zh-cn.php
[ info ] [ ROUTE ] array (
  'type' => 'module',
  'module' => 
  array (
    0 => 'index',
    1 => 'user',
    2 => 'remail',
  ),
)
[ info ] [ HEADER ] array (
  'host' => 'www.chat.com',
  'connection' => 'keep-alive',
  'upgrade-insecure-requests' => '1',
  'user-agent' => 'Mozilla/5.0 (iPhone; CPU iPhone OS 11_0 like Mac OS X) AppleWebKit/604.1.38 (KHTML, like Gecko) Version/11.0 Mobile/15A372 Safari/604.1',
  'accept' => 'text/html,application/xhtml+xml,application/xml;q=0.9,image/webp,image/apng,*/*;q=0.8',
  'referer' => 'http://www.chat.com/index/user/profile.html',
  'accept-encoding' => 'gzip, deflate',
  'accept-language' => 'zh-CN,zh;q=0.9',
  'cookie' => 'PHPSESSID=l1ubde7nvbb3o0n1gcbvebgdh6; userinfo=think%3A%7B%22id%22%3A%221000%22%2C%22username%22%3A%22yangmengyu%22%2C%22sign%22%3A%22%22%2C%22avatar%22%3A%22%252Fuploads%252F20180713%252F9f4be87510289a6a312efb28d86d5bb5.jpg%22%2C%22token%22%3A%22Y5LfNUC3RFMcgOIw%252B%252FqyrCUGURTtWev8QOY8kJ3hAlR17Dx%252FSx4SK0NJ0hoXkVWV%252FQ6P1INeadYn4uVUTcLpXg%253D%253D%22%7D; uid=1000; token=8b455c43-323a-4e5c-9b8d-da1ffefd85a5',
)
[ info ] [ PARAM ] array (
)
[ info ] [ LANG ] E:\PHPstudy\PHPTutorial\WWW\chat\public/../application/index\lang\zh-cn.php
[ info ] [ BEHAVIOR ] Run app\common\behavior\Common @module_init [ RunTime:0.001000s ]
[ info ] [ TOKEN ] INIT Mysql
[ info ] [ DB ] INIT mysql
[ info ] [ LANG ] E:\PHPstudy\PHPTutorial\WWW\chat\public/../application/index/lang/zh-cn/user.php
[ info ] [ RUN ] app\index\controller\User->remail[ E:\PHPstudy\PHPTutorial\WWW\chat\application\index\controller\User.php ]
[ info ] [ VIEW ] E:\PHPstudy\PHPTutorial\WWW\chat\public/../application/index\view\user\remail.html [ array (
  0 => 'ismobile',
  1 => 'user',
  2 => 'userinfo',
  3 => 'site',
  4 => 'config',
) ]
[ info ] [ LOG ] INIT File
[ sql ] [ DB ] CONNECT:[ UseTime:0.013000s ] mysql:host=127.0.0.1;port=3306;dbname=chat;charset=utf8
[ sql ] [ SQL ] SHOW COLUMNS FROM `fa_user_token` [ RunTime:0.014000s ]
[ sql ] [ SQL ] SELECT * FROM `fa_user_token` WHERE  `token` = '33c4db6aabfab7118652a9ec06ec04f3d61d35c1' LIMIT 1 [ RunTime:0.000000s ]
[ sql ] [ SQL ] SHOW COLUMNS FROM `fa_user` [ RunTime:0.014000s ]
[ sql ] [ SQL ] SELECT * FROM `fa_user` WHERE  `id` = 1000 LIMIT 1 [ RunTime:0.001000s ]
---------------------------------------------------------------
[ 2018-11-10T18:34:54+08:00 ] 127.0.0.1 GET /assets/css/frontend.css.map
[ info ] www.chat.com/assets/css/frontend.css.map [运行时间：0.047000s][吞吐率：21.28req/s] [内存消耗：1,786.90kb] [文件加载：60]
[ info ] [ BEHAVIOR ] Run Closure @app_init [ RunTime:0.000000s ]
[ info ] [ CACHE ] INIT File
[ info ] [ BEHAVIOR ] Run Closure @app_init [ RunTime:0.007000s ]
[ info ] [ LANG ] E:\PHPstudy\PHPTutorial\WWW\chat\thinkphp\lang\zh-cn.php
[ info ] [ ROUTE ] array (
  'type' => 'module',
  'module' => 
  array (
    0 => 'assets',
    1 => 'css',
    2 => 'frontend.css.map',
  ),
)
[ info ] [ HEADER ] array (
  'host' => 'www.chat.com',
  'connection' => 'keep-alive',
  'user-agent' => 'Mozilla/5.0 (iPhone; CPU iPhone OS 11_0 like Mac OS X) AppleWebKit/604.1.38 (KHTML, like Gecko) Version/11.0 Mobile/15A372 Safari/604.1',
  'accept-encoding' => 'gzip, deflate',
  'accept-language' => 'zh-CN,zh;q=0.9',
  'cookie' => 'PHPSESSID=l1ubde7nvbb3o0n1gcbvebgdh6; userinfo=think%3A%7B%22id%22%3A%221000%22%2C%22username%22%3A%22yangmengyu%22%2C%22sign%22%3A%22%22%2C%22avatar%22%3A%22%252Fuploads%252F20180713%252F9f4be87510289a6a312efb28d86d5bb5.jpg%22%2C%22token%22%3A%22Y5LfNUC3RFMcgOIw%252B%252FqyrCUGURTtWev8QOY8kJ3hAlR17Dx%252FSx4SK0NJ0hoXkVWV%252FQ6P1INeadYn4uVUTcLpXg%253D%253D%22%7D; uid=1000; token=8b455c43-323a-4e5c-9b8d-da1ffefd85a5',
)
[ info ] [ PARAM ] array (
)
[ info ] [ LOG ] INIT File
---------------------------------------------------------------
[ 2018-11-10T18:34:54+08:00 ] 127.0.0.1 GET /assets/css/fastadmin.css.map
[ info ] www.chat.com/assets/css/fastadmin.css.map [运行时间：0.045000s][吞吐率：22.22req/s] [内存消耗：1,786.90kb] [文件加载：60]
[ info ] [ BEHAVIOR ] Run Closure @app_init [ RunTime:0.000000s ]
[ info ] [ CACHE ] INIT File
[ info ] [ BEHAVIOR ] Run Closure @app_init [ RunTime:0.008000s ]
[ info ] [ LANG ] E:\PHPstudy\PHPTutorial\WWW\chat\thinkphp\lang\zh-cn.php
[ info ] [ ROUTE ] array (
  'type' => 'module',
  'module' => 
  array (
    0 => 'assets',
    1 => 'css',
    2 => 'fastadmin.css.map',
  ),
)
[ info ] [ HEADER ] array (
  'host' => 'www.chat.com',
  'connection' => 'keep-alive',
  'user-agent' => 'Mozilla/5.0 (iPhone; CPU iPhone OS 11_0 like Mac OS X) AppleWebKit/604.1.38 (KHTML, like Gecko) Version/11.0 Mobile/15A372 Safari/604.1',
  'accept-encoding' => 'gzip, deflate',
  'accept-language' => 'zh-CN,zh;q=0.9',
  'cookie' => 'PHPSESSID=l1ubde7nvbb3o0n1gcbvebgdh6; userinfo=think%3A%7B%22id%22%3A%221000%22%2C%22username%22%3A%22yangmengyu%22%2C%22sign%22%3A%22%22%2C%22avatar%22%3A%22%252Fuploads%252F20180713%252F9f4be87510289a6a312efb28d86d5bb5.jpg%22%2C%22token%22%3A%22Y5LfNUC3RFMcgOIw%252B%252FqyrCUGURTtWev8QOY8kJ3hAlR17Dx%252FSx4SK0NJ0hoXkVWV%252FQ6P1INeadYn4uVUTcLpXg%253D%253D%22%7D; uid=1000; token=8b455c43-323a-4e5c-9b8d-da1ffefd85a5',
)
[ info ] [ PARAM ] array (
)
[ info ] [ LOG ] INIT File
---------------------------------------------------------------
[ 2018-11-10T18:34:54+08:00 ] 127.0.0.1 GET /assets/css/bootstrap.css.map
[ info ] www.chat.com/assets/css/bootstrap.css.map [运行时间：0.046000s][吞吐率：21.74req/s] [内存消耗：1,786.90kb] [文件加载：60]
[ info ] [ BEHAVIOR ] Run Closure @app_init [ RunTime:0.000000s ]
[ info ] [ CACHE ] INIT File
[ info ] [ BEHAVIOR ] Run Closure @app_init [ RunTime:0.010000s ]
[ info ] [ LANG ] E:\PHPstudy\PHPTutorial\WWW\chat\thinkphp\lang\zh-cn.php
[ info ] [ ROUTE ] array (
  'type' => 'module',
  'module' => 
  array (
    0 => 'assets',
    1 => 'css',
    2 => 'bootstrap.css.map',
  ),
)
[ info ] [ HEADER ] array (
  'host' => 'www.chat.com',
  'connection' => 'keep-alive',
  'user-agent' => 'Mozilla/5.0 (iPhone; CPU iPhone OS 11_0 like Mac OS X) AppleWebKit/604.1.38 (KHTML, like Gecko) Version/11.0 Mobile/15A372 Safari/604.1',
  'accept-encoding' => 'gzip, deflate',
  'accept-language' => 'zh-CN,zh;q=0.9',
  'cookie' => 'PHPSESSID=l1ubde7nvbb3o0n1gcbvebgdh6; userinfo=think%3A%7B%22id%22%3A%221000%22%2C%22username%22%3A%22yangmengyu%22%2C%22sign%22%3A%22%22%2C%22avatar%22%3A%22%252Fuploads%252F20180713%252F9f4be87510289a6a312efb28d86d5bb5.jpg%22%2C%22token%22%3A%22Y5LfNUC3RFMcgOIw%252B%252FqyrCUGURTtWev8QOY8kJ3hAlR17Dx%252FSx4SK0NJ0hoXkVWV%252FQ6P1INeadYn4uVUTcLpXg%253D%253D%22%7D; uid=1000; token=8b455c43-323a-4e5c-9b8d-da1ffefd85a5',
)
[ info ] [ PARAM ] array (
)
[ info ] [ LOG ] INIT File
---------------------------------------------------------------
[ 2018-11-10T18:34:54+08:00 ] 127.0.0.1 GET /index/ajax/lang?callback=define&controllername=user&v=1541846093
[ info ] www.chat.com/index/ajax/lang?callback=define&controllername=user&v=1541846093 [运行时间：0.109000s][吞吐率：9.17req/s] [内存消耗：3,527.76kb] [文件加载：84]
[ info ] [ BEHAVIOR ] Run Closure @app_init [ RunTime:0.000000s ]
[ info ] [ CACHE ] INIT File
[ info ] [ BEHAVIOR ] Run Closure @app_init [ RunTime:0.004000s ]
[ info ] [ LANG ] E:\PHPstudy\PHPTutorial\WWW\chat\thinkphp\lang\zh-cn.php
[ info ] [ ROUTE ] array (
  'type' => 'module',
  'module' => 
  array (
    0 => 'index',
    1 => 'ajax',
    2 => 'lang',
  ),
)
[ info ] [ HEADER ] array (
  'host' => 'www.chat.com',
  'connection' => 'keep-alive',
  'user-agent' => 'Mozilla/5.0 (iPhone; CPU iPhone OS 11_0 like Mac OS X) AppleWebKit/604.1.38 (KHTML, like Gecko) Version/11.0 Mobile/15A372 Safari/604.1',
  'accept' => '*/*',
  'referer' => 'http://www.chat.com/index/user/remail.html',
  'accept-encoding' => 'gzip, deflate',
  'accept-language' => 'zh-CN,zh;q=0.9',
  'cookie' => 'PHPSESSID=l1ubde7nvbb3o0n1gcbvebgdh6; userinfo=think%3A%7B%22id%22%3A%221000%22%2C%22username%22%3A%22yangmengyu%22%2C%22sign%22%3A%22%22%2C%22avatar%22%3A%22%252Fuploads%252F20180713%252F9f4be87510289a6a312efb28d86d5bb5.jpg%22%2C%22token%22%3A%22Y5LfNUC3RFMcgOIw%252B%252FqyrCUGURTtWev8QOY8kJ3hAlR17Dx%252FSx4SK0NJ0hoXkVWV%252FQ6P1INeadYn4uVUTcLpXg%253D%253D%22%7D; uid=1000; token=8b455c43-323a-4e5c-9b8d-da1ffefd85a5',
)
[ info ] [ PARAM ] array (
  'callback' => 'define',
  'controllername' => 'user',
  'v' => '1541846093',
)
[ info ] [ LANG ] E:\PHPstudy\PHPTutorial\WWW\chat\public/../application/index\lang\zh-cn.php
[ info ] [ BEHAVIOR ] Run app\common\behavior\Common @module_init [ RunTime:0.001000s ]
[ info ] [ TOKEN ] INIT Mysql
[ info ] [ DB ] INIT mysql
[ info ] [ LANG ] E:\PHPstudy\PHPTutorial\WWW\chat\public/../application/index/lang/zh-cn/ajax.php
[ info ] [ RUN ] app\index\controller\Ajax->lang[ E:\PHPstudy\PHPTutorial\WWW\chat\application\index\controller\Ajax.php ]
[ info ] [ LANG ] E:\PHPstudy\PHPTutorial\WWW\chat\public/../application/index/lang/zh-cn/user.php
[ info ] [ LOG ] INIT File
[ sql ] [ DB ] CONNECT:[ UseTime:0.013000s ] mysql:host=127.0.0.1;port=3306;dbname=chat;charset=utf8
[ sql ] [ SQL ] SHOW COLUMNS FROM `fa_user_token` [ RunTime:0.014000s ]
[ sql ] [ SQL ] SELECT * FROM `fa_user_token` WHERE  `token` = '33c4db6aabfab7118652a9ec06ec04f3d61d35c1' LIMIT 1 [ RunTime:0.000000s ]
[ sql ] [ SQL ] SHOW COLUMNS FROM `fa_user` [ RunTime:0.014000s ]
[ sql ] [ SQL ] SELECT * FROM `fa_user` WHERE  `id` = 1000 LIMIT 1 [ RunTime:0.001000s ]
---------------------------------------------------------------
[ 2018-11-10T18:35:01+08:00 ] 127.0.0.1 GET /index/index/index.html
[ info ] www.chat.com/index/index/index.html [运行时间：0.198000s][吞吐率：5.05req/s] [内存消耗：3,791.70kb] [文件加载：91]
[ info ] [ BEHAVIOR ] Run Closure @app_init [ RunTime:0.000000s ]
[ info ] [ CACHE ] INIT File
[ info ] [ BEHAVIOR ] Run Closure @app_init [ RunTime:0.010000s ]
[ info ] [ LANG ] E:\PHPstudy\PHPTutorial\WWW\chat\thinkphp\lang\zh-cn.php
[ info ] [ ROUTE ] array (
  'type' => 'module',
  'module' => 
  array (
    0 => 'index',
    1 => 'index',
    2 => 'index',
  ),
)
[ info ] [ HEADER ] array (
  'host' => 'www.chat.com',
  'connection' => 'keep-alive',
  'upgrade-insecure-requests' => '1',
  'user-agent' => 'Mozilla/5.0 (Windows NT 6.1; Win64; x64) AppleWebKit/537.36 (KHTML, like Gecko) Chrome/67.0.3396.62 Safari/537.36',
  'accept' => 'text/html,application/xhtml+xml,application/xml;q=0.9,image/webp,image/apng,*/*;q=0.8',
  'referer' => 'http://www.chat.com/index/user/profile.html',
  'accept-encoding' => 'gzip, deflate',
  'accept-language' => 'zh-CN,zh;q=0.9',
  'cookie' => 'PHPSESSID=l1ubde7nvbb3o0n1gcbvebgdh6; userinfo=think%3A%7B%22id%22%3A%221000%22%2C%22username%22%3A%22yangmengyu%22%2C%22sign%22%3A%22%22%2C%22avatar%22%3A%22%252Fuploads%252F20180713%252F9f4be87510289a6a312efb28d86d5bb5.jpg%22%2C%22token%22%3A%22Y5LfNUC3RFMcgOIw%252B%252FqyrCUGURTtWev8QOY8kJ3hAlR17Dx%252FSx4SK0NJ0hoXkVWV%252FQ6P1INeadYn4uVUTcLpXg%253D%253D%22%7D; uid=1000; token=8b455c43-323a-4e5c-9b8d-da1ffefd85a5',
)
[ info ] [ PARAM ] array (
)
[ info ] [ LANG ] E:\PHPstudy\PHPTutorial\WWW\chat\public/../application/index\lang\zh-cn.php
[ info ] [ BEHAVIOR ] Run app\common\behavior\Common @module_init [ RunTime:0.002000s ]
[ info ] [ TOKEN ] INIT Mysql
[ info ] [ DB ] INIT mysql
[ info ] [ LANG ] E:\PHPstudy\PHPTutorial\WWW\chat\public/../application/index/lang/zh-cn/index.php
[ info ] [ RUN ] app\index\controller\Index->index[ E:\PHPstudy\PHPTutorial\WWW\chat\application\index\controller\Index.php ]
[ info ] [ LANG ] E:\PHPstudy\PHPTutorial\WWW\chat\public/../application/index/lang/zh-cn/country.php
[ info ] [ VIEW ] E:\PHPstudy\PHPTutorial\WWW\chat\public/../application/index\view\index\index.html [ array (
  0 => 'user',
  1 => 'userinfo',
  2 => 'site',
  3 => 'config',
  4 => 'onwall',
) ]
[ info ] [ LOG ] INIT File
[ sql ] [ DB ] CONNECT:[ UseTime:0.013000s ] mysql:host=127.0.0.1;port=3306;dbname=chat;charset=utf8
[ sql ] [ SQL ] SHOW COLUMNS FROM `fa_user_token` [ RunTime:0.017000s ]
[ sql ] [ SQL ] SELECT * FROM `fa_user_token` WHERE  `token` = '33c4db6aabfab7118652a9ec06ec04f3d61d35c1' LIMIT 1 [ RunTime:0.001000s ]
[ sql ] [ SQL ] SHOW COLUMNS FROM `fa_user` [ RunTime:0.017000s ]
[ sql ] [ SQL ] SELECT * FROM `fa_user` WHERE  `id` = 1000 LIMIT 1 [ RunTime:0.001000s ]
[ sql ] [ SQL ] SHOW COLUMNS FROM `fa_onwall` [ RunTime:0.016000s ]
[ sql ] [ SQL ] SELECT `onwall`.`id`,`onwall`.`user_id`,`onwall`.`expires_time`,`onwall`.`status`,user.id AS user__id,user.group_id AS user__group_id,user.username AS user__username,user.nickname AS user__nickname,user.password AS user__password,user.salt AS user__salt,user.email AS user__email,user.mobile AS user__mobile,user.avatar AS user__avatar,user.level AS user__level,user.gender AS user__gender,user.birthday AS user__birthday,user.bio AS user__bio,user.height AS user__height,user.weight AS user__weight,user.country AS user__country,user.interest AS user__interest,user.score AS user__score,user.successions AS user__successions,user.maxsuccessions AS user__maxsuccessions,user.prevtime AS user__prevtime,user.logintime AS user__logintime,user.loginip AS user__loginip,user.loginfailure AS user__loginfailure,user.joinip AS user__joinip,user.jointime AS user__jointime,user.createtime AS user__createtime,user.updatetime AS user__updatetime,user.token AS user__token,user.status AS user__status,user.verification AS user__verification,user.online AS user__online FROM `fa_onwall` `onwall` LEFT JOIN `fa_user` `user` ON `onwall`.`user_id`=`user`.`id` WHERE  `onwall`.`expires_time` > 1541846101  AND `onwall`.`status` = 'normal' [ RunTime:0.001000s ]
---------------------------------------------------------------
[ 2018-11-10T18:35:01+08:00 ] 127.0.0.1 POST /index/index/index.html
[ info ] www.chat.com/index/index/index.html [运行时间：0.159000s][吞吐率：6.29req/s] [内存消耗：3,580.75kb] [文件加载：87]
[ info ] [ BEHAVIOR ] Run Closure @app_init [ RunTime:0.000000s ]
[ info ] [ CACHE ] INIT File
[ info ] [ BEHAVIOR ] Run Closure @app_init [ RunTime:0.008000s ]
[ info ] [ LANG ] E:\PHPstudy\PHPTutorial\WWW\chat\thinkphp\lang\zh-cn.php
[ info ] [ ROUTE ] array (
  'type' => 'module',
  'module' => 
  array (
    0 => 'index',
    1 => 'index',
    2 => 'index',
  ),
)
[ info ] [ HEADER ] array (
  'host' => 'www.chat.com',
  'connection' => 'keep-alive',
  'content-length' => '6',
  'accept' => '*/*',
  'origin' => 'http://www.chat.com',
  'x-requested-with' => 'XMLHttpRequest',
  'user-agent' => 'Mozilla/5.0 (Windows NT 6.1; Win64; x64) AppleWebKit/537.36 (KHTML, like Gecko) Chrome/67.0.3396.62 Safari/537.36',
  'content-type' => 'application/x-www-form-urlencoded; charset=UTF-8',
  'referer' => 'http://www.chat.com/index/index/index.html',
  'accept-encoding' => 'gzip, deflate',
  'accept-language' => 'zh-CN,zh;q=0.9',
  'cookie' => 'PHPSESSID=l1ubde7nvbb3o0n1gcbvebgdh6; userinfo=think%3A%7B%22id%22%3A%221000%22%2C%22username%22%3A%22yangmengyu%22%2C%22sign%22%3A%22%22%2C%22avatar%22%3A%22%252Fuploads%252F20180713%252F9f4be87510289a6a312efb28d86d5bb5.jpg%22%2C%22token%22%3A%22Y5LfNUC3RFMcgOIw%252B%252FqyrCUGURTtWev8QOY8kJ3hAlR17Dx%252FSx4SK0NJ0hoXkVWV%252FQ6P1INeadYn4uVUTcLpXg%253D%253D%22%7D; uid=1000; token=8b455c43-323a-4e5c-9b8d-da1ffefd85a5',
)
[ info ] [ PARAM ] array (
  'page' => '1',
)
[ info ] [ LANG ] E:\PHPstudy\PHPTutorial\WWW\chat\public/../application/index\lang\zh-cn.php
[ info ] [ BEHAVIOR ] Run app\common\behavior\Common @module_init [ RunTime:0.001000s ]
[ info ] [ TOKEN ] INIT Mysql
[ info ] [ DB ] INIT mysql
[ info ] [ LANG ] E:\PHPstudy\PHPTutorial\WWW\chat\public/../application/index/lang/zh-cn/index.php
[ info ] [ RUN ] app\index\controller\Index->index[ E:\PHPstudy\PHPTutorial\WWW\chat\application\index\controller\Index.php ]
[ info ] [ LANG ] E:\PHPstudy\PHPTutorial\WWW\chat\public/../application/index/lang/zh-cn/country.php
[ info ] [ LOG ] INIT File
[ sql ] [ DB ] CONNECT:[ UseTime:0.003000s ] mysql:host=127.0.0.1;port=3306;dbname=chat;charset=utf8
[ sql ] [ SQL ] SHOW COLUMNS FROM `fa_user_token` [ RunTime:0.017000s ]
[ sql ] [ SQL ] SELECT * FROM `fa_user_token` WHERE  `token` = '33c4db6aabfab7118652a9ec06ec04f3d61d35c1' LIMIT 1 [ RunTime:0.001000s ]
[ sql ] [ SQL ] SHOW COLUMNS FROM `fa_user` [ RunTime:0.020000s ]
[ sql ] [ SQL ] SELECT * FROM `fa_user` WHERE  `id` = 1000 LIMIT 1 [ RunTime:0.001000s ]
[ sql ] [ SQL ] SELECT COUNT(*) AS tp_count FROM `fa_user` WHERE  `status` = 'normal'  AND `id` <> 1000 LIMIT 1 [ RunTime:0.001000s ]
[ sql ] [ SQL ] SELECT `nickname`,`id`,`group_id`,`avatar`,`birthday`,`country`,`gender` FROM `fa_user` WHERE  `status` = 'normal'  AND `id` <> 1000 LIMIT 0,12 [ RunTime:0.001000s ]
[ sql ] [ SQL ] SHOW COLUMNS FROM `fa_chat_like` [ RunTime:0.021000s ]
[ sql ] [ SQL ] SELECT * FROM `fa_chat_like` WHERE  `from` = 1000  AND `to` = 1 LIMIT 1 [ RunTime:0.001000s ]
[ sql ] [ SQL ] SELECT * FROM `fa_chat_like` WHERE  `from` = 1000  AND `to` = 3 LIMIT 1 [ RunTime:0.001000s ]
---------------------------------------------------------------
[ 2018-11-10T18:35:02+08:00 ] 127.0.0.1 GET /index/chat/get_user_data.html?_=1541846101679
[ sql ] [ DB ] CONNECT:[ UseTime:0.004000s ] mysql:host=127.0.0.1;dbname=fastadmin;charset=utf8
[ sql ] [ SQL ] SHOW COLUMNS FROM `fa_user_token` [ RunTime:0.020000s ]
[ sql ] [ SQL ] SELECT * FROM `fa_user_token` WHERE  `token` = '33c4db6aabfab7118652a9ec06ec04f3d61d35c1' LIMIT 1 [ RunTime:0.000000s ]
---------------------------------------------------------------
[ 2018-11-10T18:35:02+08:00 ] 127.0.0.1 POST /index/chat/getmsgboxnum.html
[ info ] www.chat.com/index/chat/getmsgboxnum.html [运行时间：0.126000s][吞吐率：7.94req/s] [内存消耗：3,653.63kb] [文件加载：86]
[ info ] [ BEHAVIOR ] Run Closure @app_init [ RunTime:0.000000s ]
[ info ] [ CACHE ] INIT File
[ info ] [ BEHAVIOR ] Run Closure @app_init [ RunTime:0.010000s ]
[ info ] [ LANG ] E:\PHPstudy\PHPTutorial\WWW\chat\thinkphp\lang\zh-cn.php
[ info ] [ ROUTE ] array (
  'type' => 'module',
  'module' => 
  array (
    0 => 'index',
    1 => 'chat',
    2 => 'getmsgboxnum',
  ),
)
[ info ] [ HEADER ] array (
  'host' => 'www.chat.com',
  'connection' => 'keep-alive',
  'content-length' => '0',
  'accept' => '*/*',
  'origin' => 'http://www.chat.com',
  'x-requested-with' => 'XMLHttpRequest',
  'user-agent' => 'Mozilla/5.0 (Windows NT 6.1; Win64; x64) AppleWebKit/537.36 (KHTML, like Gecko) Chrome/67.0.3396.62 Safari/537.36',
  'referer' => 'http://www.chat.com/index/index/index.html',
  'accept-encoding' => 'gzip, deflate',
  'accept-language' => 'zh-CN,zh;q=0.9',
  'cookie' => 'PHPSESSID=l1ubde7nvbb3o0n1gcbvebgdh6; userinfo=think%3A%7B%22id%22%3A%221000%22%2C%22username%22%3A%22yangmengyu%22%2C%22sign%22%3A%22%22%2C%22avatar%22%3A%22%252Fuploads%252F20180713%252F9f4be87510289a6a312efb28d86d5bb5.jpg%22%2C%22token%22%3A%22Y5LfNUC3RFMcgOIw%252B%252FqyrCUGURTtWev8QOY8kJ3hAlR17Dx%252FSx4SK0NJ0hoXkVWV%252FQ6P1INeadYn4uVUTcLpXg%253D%253D%22%7D; uid=1000; token=8b455c43-323a-4e5c-9b8d-da1ffefd85a5',
)
[ info ] [ PARAM ] array (
)
[ info ] [ LANG ] E:\PHPstudy\PHPTutorial\WWW\chat\public/../application/index\lang\zh-cn.php
[ info ] [ BEHAVIOR ] Run app\common\behavior\Common @module_init [ RunTime:0.002000s ]
[ info ] [ TOKEN ] INIT Mysql
[ info ] [ DB ] INIT mysql
[ info ] [ LANG ] E:\PHPstudy\PHPTutorial\WWW\chat\public/../application/index/lang/zh-cn/chat.php
[ info ] [ RUN ] app\index\controller\Chat->getmsgboxnum[ E:\PHPstudy\PHPTutorial\WWW\chat\application\index\controller\Chat.php ]
[ info ] [ LOG ] INIT File
[ sql ] [ DB ] CONNECT:[ UseTime:0.012000s ] mysql:host=127.0.0.1;port=3306;dbname=chat;charset=utf8
[ sql ] [ SQL ] SHOW COLUMNS FROM `fa_user_token` [ RunTime:0.017000s ]
[ sql ] [ SQL ] SELECT * FROM `fa_user_token` WHERE  `token` = '33c4db6aabfab7118652a9ec06ec04f3d61d35c1' LIMIT 1 [ RunTime:0.000000s ]
[ sql ] [ SQL ] SHOW COLUMNS FROM `fa_user` [ RunTime:0.013000s ]
[ sql ] [ SQL ] SELECT * FROM `fa_user` WHERE  `id` = 1000 LIMIT 1 [ RunTime:0.000000s ]
[ sql ] [ SQL ] SHOW COLUMNS FROM `fa_mymsg` [ RunTime:0.013000s ]
[ sql ] [ SQL ] SELECT COUNT(*) AS tp_count FROM `fa_mymsg` WHERE  (  `to` = 1000  AND `status` = 1 ) OR (  `from` = 1000  AND `status` IN (2,3) ) LIMIT 1 [ RunTime:0.001000s ]
