[ 2018-07-13T08:42:32+08:00 ][ info ] [ BEHAVIOR ] Run Closure @app_init [ RunTime:0.015600s ]
[ info ] [ LOG ] INIT File
[ 2018-07-13T08:42:32+08:00 ][ info ] [ CACHE ] INIT File
[ 2018-07-13T08:42:32+08:00 ][ info ] [ BEHAVIOR ] Run Closure @app_init [ RunTime:0.109201s ]
[ 2018-07-13T08:42:32+08:00 ][ info ] [ LANG ] E:\phpstudy\WWW\chat\thinkphp\lang\zh-cn.php
[ 2018-07-13T08:42:32+08:00 ][ info ] [ ROUTE ] array (
  'type' => 'method',
  'method' => 
  array (
    0 => '\\think\\addons\\Route',
    1 => 'execute',
  ),
  'var' => 
  array (
  ),
)
[ 2018-07-13T08:42:32+08:00 ][ info ] [ HEADER ] array (
)
[ 2018-07-13T08:42:32+08:00 ][ info ] [ PARAM ] array (
  'addon' => 'crontab',
  'controller' => 'autotask',
  'action' => 'index',
)
[ 2018-07-13T08:42:32+08:00 ][ info ] [ RUN ] think\addons\Route->execute[ E:\phpstudy\WWW\chat\vendor\karsonzhang\fastadmin-addons\src\addons\Route.php ]
[ 2018-07-13T08:42:32+08:00 ][ info ] [ LANG ] E:\phpstudy\WWW\chat\public/../application/common\lang\zh-cn\addon.php
[ 2018-07-13T08:42:32+08:00 ][ info ] [ BEHAVIOR ] Run app\common\behavior\Common @addon_begin [ RunTime:0.015600s ]
[ 2018-07-13T08:42:32+08:00 ][ info ] [ DB ] INIT mysql
[ 2018-07-13T08:42:34+08:00 ][ error ] [2002]SQLSTATE[HY000] [2002] 由于目标计算机积极拒绝，无法连接。
[E:\phpstudy\WWW\chat\thinkphp\library\think\db\Connection.php:295]
[ 2018-07-13T08:43:03+08:00 ][ info ] [ BEHAVIOR ] Run Closure @app_init [ RunTime:0.000000s ]
[ info ] [ LOG ] INIT File
[ 2018-07-13T08:43:03+08:00 ][ info ] [ CACHE ] INIT File
[ 2018-07-13T08:43:03+08:00 ][ info ] [ BEHAVIOR ] Run Closure @app_init [ RunTime:0.003000s ]
[ 2018-07-13T08:43:03+08:00 ][ info ] [ LANG ] E:\phpstudy\WWW\chat\thinkphp\lang\zh-cn.php
[ 2018-07-13T08:43:03+08:00 ][ info ] [ ROUTE ] array (
  'type' => 'method',
  'method' => 
  array (
    0 => '\\think\\addons\\Route',
    1 => 'execute',
  ),
  'var' => 
  array (
  ),
)
[ 2018-07-13T08:43:03+08:00 ][ info ] [ HEADER ] array (
)
[ 2018-07-13T08:43:03+08:00 ][ info ] [ PARAM ] array (
  'addon' => 'crontab',
  'controller' => 'autotask',
  'action' => 'index',
)
[ 2018-07-13T08:43:03+08:00 ][ info ] [ RUN ] think\addons\Route->execute[ E:\phpstudy\WWW\chat\vendor\karsonzhang\fastadmin-addons\src\addons\Route.php ]
[ 2018-07-13T08:43:03+08:00 ][ info ] [ LANG ] E:\phpstudy\WWW\chat\public/../application/common\lang\zh-cn\addon.php
[ 2018-07-13T08:43:03+08:00 ][ info ] [ BEHAVIOR ] Run app\common\behavior\Common @addon_begin [ RunTime:0.001001s ]
[ 2018-07-13T08:43:03+08:00 ][ info ] [ DB ] INIT mysql
[ 2018-07-13T08:43:04+08:00 ][ error ] [2002]SQLSTATE[HY000] [2002] 由于目标计算机积极拒绝，无法连接。
[E:\phpstudy\WWW\chat\thinkphp\library\think\db\Connection.php:295]
[ 2018-07-13T08:44:00+08:00 ][ info ] [ BEHAVIOR ] Run Closure @app_init [ RunTime:0.001000s ]
[ info ] [ LOG ] INIT File
[ 2018-07-13T08:44:00+08:00 ][ info ] [ CACHE ] INIT File
[ 2018-07-13T08:44:00+08:00 ][ info ] [ BEHAVIOR ] Run Closure @app_init [ RunTime:0.003000s ]
[ 2018-07-13T08:44:00+08:00 ][ info ] [ LANG ] E:\phpstudy\WWW\chat\thinkphp\lang\zh-cn.php
[ 2018-07-13T08:44:00+08:00 ][ info ] [ ROUTE ] array (
  'type' => 'method',
  'method' => 
  array (
    0 => '\\think\\addons\\Route',
    1 => 'execute',
  ),
  'var' => 
  array (
  ),
)
[ 2018-07-13T08:44:00+08:00 ][ info ] [ HEADER ] array (
)
[ 2018-07-13T08:44:00+08:00 ][ info ] [ PARAM ] array (
  'addon' => 'crontab',
  'controller' => 'autotask',
  'action' => 'index',
)
[ 2018-07-13T08:44:00+08:00 ][ info ] [ RUN ] think\addons\Route->execute[ E:\phpstudy\WWW\chat\vendor\karsonzhang\fastadmin-addons\src\addons\Route.php ]
[ 2018-07-13T08:44:00+08:00 ][ info ] [ LANG ] E:\phpstudy\WWW\chat\public/../application/common\lang\zh-cn\addon.php
[ 2018-07-13T08:44:00+08:00 ][ info ] [ BEHAVIOR ] Run app\common\behavior\Common @addon_begin [ RunTime:0.002000s ]
[ 2018-07-13T08:44:00+08:00 ][ info ] [ DB ] INIT mysql
[ 2018-07-13T08:44:01+08:00 ][ error ] [2002]SQLSTATE[HY000] [2002] 由于目标计算机积极拒绝，无法连接。
[E:\phpstudy\WWW\chat\thinkphp\library\think\db\Connection.php:295]
