[ 2018-07-14T08:35:20+08:00 ][ info ] [ BEHAVIOR ] Run Closure @app_init [ RunTime:0.000000s ]
[ info ] [ LOG ] INIT File
[ 2018-07-14T08:35:20+08:00 ][ info ] [ CACHE ] INIT File
[ 2018-07-14T08:35:20+08:00 ][ info ] [ BEHAVIOR ] Run Closure @app_init [ RunTime:0.109200s ]
[ 2018-07-14T08:35:20+08:00 ][ info ] [ LANG ] E:\phpstudy\WWW\chat\thinkphp\lang\zh-cn.php
[ 2018-07-14T08:35:20+08:00 ][ info ] [ ROUTE ] array (
  'type' => 'method',
  'method' => 
  array (
    0 => '\\think\\addons\\Route',
    1 => 'execute',
  ),
  'var' => 
  array (
  ),
)
[ 2018-07-14T08:35:20+08:00 ][ info ] [ HEADER ] array (
)
[ 2018-07-14T08:35:20+08:00 ][ info ] [ PARAM ] array (
  'addon' => 'crontab',
  'controller' => 'autotask',
  'action' => 'index',
)
[ 2018-07-14T08:35:20+08:00 ][ info ] [ RUN ] think\addons\Route->execute[ E:\phpstudy\WWW\chat\vendor\karsonzhang\fastadmin-addons\src\addons\Route.php ]
[ 2018-07-14T08:35:21+08:00 ][ info ] [ LANG ] E:\phpstudy\WWW\chat\public/../application/common\lang\zh-cn\addon.php
[ 2018-07-14T08:35:21+08:00 ][ info ] [ BEHAVIOR ] Run app\common\behavior\Common @addon_begin [ RunTime:0.031200s ]
[ 2018-07-14T08:35:21+08:00 ][ info ] [ DB ] INIT mysql
[ 2018-07-14T08:35:22+08:00 ][ error ] [2002]SQLSTATE[HY000] [2002] 由于目标计算机积极拒绝，无法连接。
[E:\phpstudy\WWW\chat\thinkphp\library\think\db\Connection.php:295]
[ 2018-07-14T08:36:02+08:00 ][ info ] [ BEHAVIOR ] Run Closure @app_init [ RunTime:0.001000s ]
[ info ] [ LOG ] INIT File
[ 2018-07-14T08:36:02+08:00 ][ info ] [ CACHE ] INIT File
[ 2018-07-14T08:36:02+08:00 ][ info ] [ BEHAVIOR ] Run Closure @app_init [ RunTime:0.003001s ]
[ 2018-07-14T08:36:02+08:00 ][ info ] [ LANG ] E:\phpstudy\WWW\chat\thinkphp\lang\zh-cn.php
[ 2018-07-14T08:36:02+08:00 ][ info ] [ ROUTE ] array (
  'type' => 'method',
  'method' => 
  array (
    0 => '\\think\\addons\\Route',
    1 => 'execute',
  ),
  'var' => 
  array (
  ),
)
[ 2018-07-14T08:36:02+08:00 ][ info ] [ HEADER ] array (
)
[ 2018-07-14T08:36:02+08:00 ][ info ] [ PARAM ] array (
  'addon' => 'crontab',
  'controller' => 'autotask',
  'action' => 'index',
)
[ 2018-07-14T08:36:02+08:00 ][ info ] [ RUN ] think\addons\Route->execute[ E:\phpstudy\WWW\chat\vendor\karsonzhang\fastadmin-addons\src\addons\Route.php ]
[ 2018-07-14T08:36:02+08:00 ][ info ] [ LANG ] E:\phpstudy\WWW\chat\public/../application/common\lang\zh-cn\addon.php
[ 2018-07-14T08:36:02+08:00 ][ info ] [ BEHAVIOR ] Run app\common\behavior\Common @addon_begin [ RunTime:0.001000s ]
[ 2018-07-14T08:36:02+08:00 ][ info ] [ DB ] INIT mysql
[ 2018-07-14T08:36:03+08:00 ][ error ] [2002]SQLSTATE[HY000] [2002] 由于目标计算机积极拒绝，无法连接。
[E:\phpstudy\WWW\chat\thinkphp\library\think\db\Connection.php:295]
[ 2018-07-14T08:37:02+08:00 ][ info ] [ BEHAVIOR ] Run Closure @app_init [ RunTime:0.000000s ]
[ info ] [ LOG ] INIT File
[ 2018-07-14T08:37:02+08:00 ][ info ] [ CACHE ] INIT File
[ 2018-07-14T08:37:02+08:00 ][ info ] [ BEHAVIOR ] Run Closure @app_init [ RunTime:0.003000s ]
[ 2018-07-14T08:37:02+08:00 ][ info ] [ LANG ] E:\phpstudy\WWW\chat\thinkphp\lang\zh-cn.php
[ 2018-07-14T08:37:02+08:00 ][ info ] [ ROUTE ] array (
  'type' => 'method',
  'method' => 
  array (
    0 => '\\think\\addons\\Route',
    1 => 'execute',
  ),
  'var' => 
  array (
  ),
)
[ 2018-07-14T08:37:02+08:00 ][ info ] [ HEADER ] array (
)
[ 2018-07-14T08:37:02+08:00 ][ info ] [ PARAM ] array (
  'addon' => 'crontab',
  'controller' => 'autotask',
  'action' => 'index',
)
[ 2018-07-14T08:37:02+08:00 ][ info ] [ RUN ] think\addons\Route->execute[ E:\phpstudy\WWW\chat\vendor\karsonzhang\fastadmin-addons\src\addons\Route.php ]
[ 2018-07-14T08:37:02+08:00 ][ info ] [ LANG ] E:\phpstudy\WWW\chat\public/../application/common\lang\zh-cn\addon.php
[ 2018-07-14T08:37:02+08:00 ][ info ] [ BEHAVIOR ] Run app\common\behavior\Common @addon_begin [ RunTime:0.002000s ]
[ 2018-07-14T08:37:02+08:00 ][ info ] [ DB ] INIT mysql
[ 2018-07-14T08:37:03+08:00 ][ error ] [2002]SQLSTATE[HY000] [2002] 由于目标计算机积极拒绝，无法连接。
[E:\phpstudy\WWW\chat\thinkphp\library\think\db\Connection.php:295]
[ 2018-07-14T08:38:02+08:00 ][ info ] [ BEHAVIOR ] Run Closure @app_init [ RunTime:0.000000s ]
[ info ] [ LOG ] INIT File
[ 2018-07-14T08:38:02+08:00 ][ info ] [ CACHE ] INIT File
[ 2018-07-14T08:38:02+08:00 ][ info ] [ BEHAVIOR ] Run Closure @app_init [ RunTime:0.004000s ]
[ 2018-07-14T08:38:02+08:00 ][ info ] [ LANG ] E:\phpstudy\WWW\chat\thinkphp\lang\zh-cn.php
[ 2018-07-14T08:38:02+08:00 ][ info ] [ ROUTE ] array (
  'type' => 'method',
  'method' => 
  array (
    0 => '\\think\\addons\\Route',
    1 => 'execute',
  ),
  'var' => 
  array (
  ),
)
[ 2018-07-14T08:38:02+08:00 ][ info ] [ HEADER ] array (
)
[ 2018-07-14T08:38:02+08:00 ][ info ] [ PARAM ] array (
  'addon' => 'crontab',
  'controller' => 'autotask',
  'action' => 'index',
)
[ 2018-07-14T08:38:02+08:00 ][ info ] [ RUN ] think\addons\Route->execute[ E:\phpstudy\WWW\chat\vendor\karsonzhang\fastadmin-addons\src\addons\Route.php ]
[ 2018-07-14T08:38:02+08:00 ][ info ] [ LANG ] E:\phpstudy\WWW\chat\public/../application/common\lang\zh-cn\addon.php
[ 2018-07-14T08:38:02+08:00 ][ info ] [ BEHAVIOR ] Run app\common\behavior\Common @addon_begin [ RunTime:0.002000s ]
[ 2018-07-14T08:38:02+08:00 ][ info ] [ DB ] INIT mysql
[ 2018-07-14T08:38:03+08:00 ][ error ] [2002]SQLSTATE[HY000] [2002] 由于目标计算机积极拒绝，无法连接。
[E:\phpstudy\WWW\chat\thinkphp\library\think\db\Connection.php:295]
[ 2018-07-14T08:39:02+08:00 ][ info ] [ BEHAVIOR ] Run Closure @app_init [ RunTime:0.001000s ]
[ info ] [ LOG ] INIT File
[ 2018-07-14T08:39:02+08:00 ][ info ] [ CACHE ] INIT File
[ 2018-07-14T08:39:02+08:00 ][ info ] [ BEHAVIOR ] Run Closure @app_init [ RunTime:0.005000s ]
[ 2018-07-14T08:39:02+08:00 ][ info ] [ LANG ] E:\phpstudy\WWW\chat\thinkphp\lang\zh-cn.php
[ 2018-07-14T08:39:02+08:00 ][ info ] [ ROUTE ] array (
  'type' => 'method',
  'method' => 
  array (
    0 => '\\think\\addons\\Route',
    1 => 'execute',
  ),
  'var' => 
  array (
  ),
)
[ 2018-07-14T08:39:02+08:00 ][ info ] [ HEADER ] array (
)
[ 2018-07-14T08:39:02+08:00 ][ info ] [ PARAM ] array (
  'addon' => 'crontab',
  'controller' => 'autotask',
  'action' => 'index',
)
[ 2018-07-14T08:39:02+08:00 ][ info ] [ RUN ] think\addons\Route->execute[ E:\phpstudy\WWW\chat\vendor\karsonzhang\fastadmin-addons\src\addons\Route.php ]
[ 2018-07-14T08:39:02+08:00 ][ info ] [ LANG ] E:\phpstudy\WWW\chat\public/../application/common\lang\zh-cn\addon.php
[ 2018-07-14T08:39:02+08:00 ][ info ] [ BEHAVIOR ] Run app\common\behavior\Common @addon_begin [ RunTime:0.002001s ]
[ 2018-07-14T08:39:02+08:00 ][ info ] [ DB ] INIT mysql
[ 2018-07-14T08:39:03+08:00 ][ error ] [2002]SQLSTATE[HY000] [2002] 由于目标计算机积极拒绝，无法连接。
[E:\phpstudy\WWW\chat\thinkphp\library\think\db\Connection.php:295]
[ 2018-07-14T08:40:02+08:00 ][ info ] [ BEHAVIOR ] Run Closure @app_init [ RunTime:0.001000s ]
[ info ] [ LOG ] INIT File
[ 2018-07-14T08:40:02+08:00 ][ info ] [ CACHE ] INIT File
[ 2018-07-14T08:40:02+08:00 ][ info ] [ BEHAVIOR ] Run Closure @app_init [ RunTime:0.004000s ]
[ 2018-07-14T08:40:02+08:00 ][ info ] [ LANG ] E:\phpstudy\WWW\chat\thinkphp\lang\zh-cn.php
[ 2018-07-14T08:40:02+08:00 ][ info ] [ ROUTE ] array (
  'type' => 'method',
  'method' => 
  array (
    0 => '\\think\\addons\\Route',
    1 => 'execute',
  ),
  'var' => 
  array (
  ),
)
[ 2018-07-14T08:40:02+08:00 ][ info ] [ HEADER ] array (
)
[ 2018-07-14T08:40:02+08:00 ][ info ] [ PARAM ] array (
  'addon' => 'crontab',
  'controller' => 'autotask',
  'action' => 'index',
)
[ 2018-07-14T08:40:02+08:00 ][ info ] [ RUN ] think\addons\Route->execute[ E:\phpstudy\WWW\chat\vendor\karsonzhang\fastadmin-addons\src\addons\Route.php ]
[ 2018-07-14T08:40:02+08:00 ][ info ] [ LANG ] E:\phpstudy\WWW\chat\public/../application/common\lang\zh-cn\addon.php
[ 2018-07-14T08:40:02+08:00 ][ info ] [ BEHAVIOR ] Run app\common\behavior\Common @addon_begin [ RunTime:0.002000s ]
[ 2018-07-14T08:40:02+08:00 ][ info ] [ DB ] INIT mysql
[ 2018-07-14T08:40:03+08:00 ][ error ] [2002]SQLSTATE[HY000] [2002] 由于目标计算机积极拒绝，无法连接。
[E:\phpstudy\WWW\chat\thinkphp\library\think\db\Connection.php:295]
[ 2018-07-14T08:41:02+08:00 ][ info ] [ BEHAVIOR ] Run Closure @app_init [ RunTime:0.000000s ]
[ info ] [ LOG ] INIT File
[ 2018-07-14T08:41:02+08:00 ][ info ] [ CACHE ] INIT File
[ 2018-07-14T08:41:02+08:00 ][ info ] [ BEHAVIOR ] Run Closure @app_init [ RunTime:0.004000s ]
[ 2018-07-14T08:41:02+08:00 ][ info ] [ LANG ] E:\phpstudy\WWW\chat\thinkphp\lang\zh-cn.php
[ 2018-07-14T08:41:02+08:00 ][ info ] [ ROUTE ] array (
  'type' => 'method',
  'method' => 
  array (
    0 => '\\think\\addons\\Route',
    1 => 'execute',
  ),
  'var' => 
  array (
  ),
)
[ 2018-07-14T08:41:02+08:00 ][ info ] [ HEADER ] array (
)
[ 2018-07-14T08:41:02+08:00 ][ info ] [ PARAM ] array (
  'addon' => 'crontab',
  'controller' => 'autotask',
  'action' => 'index',
)
[ 2018-07-14T08:41:02+08:00 ][ info ] [ RUN ] think\addons\Route->execute[ E:\phpstudy\WWW\chat\vendor\karsonzhang\fastadmin-addons\src\addons\Route.php ]
[ 2018-07-14T08:41:02+08:00 ][ info ] [ LANG ] E:\phpstudy\WWW\chat\public/../application/common\lang\zh-cn\addon.php
[ 2018-07-14T08:41:02+08:00 ][ info ] [ BEHAVIOR ] Run app\common\behavior\Common @addon_begin [ RunTime:0.001001s ]
[ 2018-07-14T08:41:02+08:00 ][ info ] [ DB ] INIT mysql
[ 2018-07-14T08:41:03+08:00 ][ error ] [2002]SQLSTATE[HY000] [2002] 由于目标计算机积极拒绝，无法连接。
[E:\phpstudy\WWW\chat\thinkphp\library\think\db\Connection.php:295]
[ 2018-07-14T08:42:02+08:00 ][ info ] [ BEHAVIOR ] Run Closure @app_init [ RunTime:0.000000s ]
[ info ] [ LOG ] INIT File
[ 2018-07-14T08:42:02+08:00 ][ info ] [ CACHE ] INIT File
[ 2018-07-14T08:42:02+08:00 ][ info ] [ BEHAVIOR ] Run Closure @app_init [ RunTime:0.003000s ]
[ 2018-07-14T08:42:02+08:00 ][ info ] [ LANG ] E:\phpstudy\WWW\chat\thinkphp\lang\zh-cn.php
[ 2018-07-14T08:42:02+08:00 ][ info ] [ ROUTE ] array (
  'type' => 'method',
  'method' => 
  array (
    0 => '\\think\\addons\\Route',
    1 => 'execute',
  ),
  'var' => 
  array (
  ),
)
[ 2018-07-14T08:42:02+08:00 ][ info ] [ HEADER ] array (
)
[ 2018-07-14T08:42:02+08:00 ][ info ] [ PARAM ] array (
  'addon' => 'crontab',
  'controller' => 'autotask',
  'action' => 'index',
)
[ 2018-07-14T08:42:02+08:00 ][ info ] [ RUN ] think\addons\Route->execute[ E:\phpstudy\WWW\chat\vendor\karsonzhang\fastadmin-addons\src\addons\Route.php ]
[ 2018-07-14T08:42:02+08:00 ][ info ] [ LANG ] E:\phpstudy\WWW\chat\public/../application/common\lang\zh-cn\addon.php
[ 2018-07-14T08:42:02+08:00 ][ info ] [ BEHAVIOR ] Run app\common\behavior\Common @addon_begin [ RunTime:0.002000s ]
[ 2018-07-14T08:42:02+08:00 ][ info ] [ DB ] INIT mysql
[ 2018-07-14T08:42:03+08:00 ][ error ] [2002]SQLSTATE[HY000] [2002] 由于目标计算机积极拒绝，无法连接。
[E:\phpstudy\WWW\chat\thinkphp\library\think\db\Connection.php:295]
[ 2018-07-14T08:43:02+08:00 ][ info ] [ BEHAVIOR ] Run Closure @app_init [ RunTime:0.000000s ]
[ info ] [ LOG ] INIT File
[ 2018-07-14T08:43:02+08:00 ][ info ] [ CACHE ] INIT File
[ 2018-07-14T08:43:02+08:00 ][ info ] [ BEHAVIOR ] Run Closure @app_init [ RunTime:0.004000s ]
[ 2018-07-14T08:43:02+08:00 ][ info ] [ LANG ] E:\phpstudy\WWW\chat\thinkphp\lang\zh-cn.php
[ 2018-07-14T08:43:02+08:00 ][ info ] [ ROUTE ] array (
  'type' => 'method',
  'method' => 
  array (
    0 => '\\think\\addons\\Route',
    1 => 'execute',
  ),
  'var' => 
  array (
  ),
)
[ 2018-07-14T08:43:02+08:00 ][ info ] [ HEADER ] array (
)
[ 2018-07-14T08:43:02+08:00 ][ info ] [ PARAM ] array (
  'addon' => 'crontab',
  'controller' => 'autotask',
  'action' => 'index',
)
[ 2018-07-14T08:43:02+08:00 ][ info ] [ RUN ] think\addons\Route->execute[ E:\phpstudy\WWW\chat\vendor\karsonzhang\fastadmin-addons\src\addons\Route.php ]
[ 2018-07-14T08:43:02+08:00 ][ info ] [ LANG ] E:\phpstudy\WWW\chat\public/../application/common\lang\zh-cn\addon.php
[ 2018-07-14T08:43:02+08:00 ][ info ] [ BEHAVIOR ] Run app\common\behavior\Common @addon_begin [ RunTime:0.001000s ]
[ 2018-07-14T08:43:02+08:00 ][ info ] [ DB ] INIT mysql
[ 2018-07-14T08:43:03+08:00 ][ error ] [2002]SQLSTATE[HY000] [2002] 由于目标计算机积极拒绝，无法连接。
[E:\phpstudy\WWW\chat\thinkphp\library\think\db\Connection.php:295]
[ 2018-07-14T08:44:02+08:00 ][ info ] [ BEHAVIOR ] Run Closure @app_init [ RunTime:0.000000s ]
[ info ] [ LOG ] INIT File
[ 2018-07-14T08:44:02+08:00 ][ info ] [ CACHE ] INIT File
[ 2018-07-14T08:44:02+08:00 ][ info ] [ BEHAVIOR ] Run Closure @app_init [ RunTime:0.004000s ]
[ 2018-07-14T08:44:02+08:00 ][ info ] [ LANG ] E:\phpstudy\WWW\chat\thinkphp\lang\zh-cn.php
[ 2018-07-14T08:44:02+08:00 ][ info ] [ ROUTE ] array (
  'type' => 'method',
  'method' => 
  array (
    0 => '\\think\\addons\\Route',
    1 => 'execute',
  ),
  'var' => 
  array (
  ),
)
[ 2018-07-14T08:44:02+08:00 ][ info ] [ HEADER ] array (
)
[ 2018-07-14T08:44:02+08:00 ][ info ] [ PARAM ] array (
  'addon' => 'crontab',
  'controller' => 'autotask',
  'action' => 'index',
)
[ 2018-07-14T08:44:02+08:00 ][ info ] [ RUN ] think\addons\Route->execute[ E:\phpstudy\WWW\chat\vendor\karsonzhang\fastadmin-addons\src\addons\Route.php ]
[ 2018-07-14T08:44:02+08:00 ][ info ] [ LANG ] E:\phpstudy\WWW\chat\public/../application/common\lang\zh-cn\addon.php
[ 2018-07-14T08:44:02+08:00 ][ info ] [ BEHAVIOR ] Run app\common\behavior\Common @addon_begin [ RunTime:0.002000s ]
[ 2018-07-14T08:44:02+08:00 ][ info ] [ DB ] INIT mysql
[ 2018-07-14T08:44:02+08:00 ][ sql ] [ DB ] CONNECT:[ UseTime:0.003000s ] mysql:host=127.0.0.1;port=3306;dbname=fastadmin;charset=utf8
[ 2018-07-14T08:44:02+08:00 ][ sql ] [ SQL ] SHOW COLUMNS FROM `fa_crontab` [ RunTime:0.291016s ]
[ 2018-07-14T08:44:02+08:00 ][ sql ] [ SQL ] SELECT * FROM `fa_crontab` WHERE  `status` = 'normal' ORDER BY `weigh` DESC,`id` DESC [ RunTime:0.000000s ]
[ 2018-07-14T08:44:03+08:00 ][ sql ] [ SQL ] UPDATE `fa_crontab`  SET `executes`=2065,`executetime`=1531529042,`updatetime`=1531529043  WHERE  `id` = 3 [ RunTime:0.292017s ]
[ 2018-07-14T08:45:02+08:00 ][ info ] [ BEHAVIOR ] Run Closure @app_init [ RunTime:0.000000s ]
[ info ] [ LOG ] INIT File
[ 2018-07-14T08:45:02+08:00 ][ info ] [ CACHE ] INIT File
[ 2018-07-14T08:45:02+08:00 ][ info ] [ BEHAVIOR ] Run Closure @app_init [ RunTime:0.009001s ]
[ 2018-07-14T08:45:02+08:00 ][ info ] [ LANG ] E:\phpstudy\WWW\chat\thinkphp\lang\zh-cn.php
[ 2018-07-14T08:45:02+08:00 ][ info ] [ ROUTE ] array (
  'type' => 'method',
  'method' => 
  array (
    0 => '\\think\\addons\\Route',
    1 => 'execute',
  ),
  'var' => 
  array (
  ),
)
[ 2018-07-14T08:45:02+08:00 ][ info ] [ HEADER ] array (
)
[ 2018-07-14T08:45:02+08:00 ][ info ] [ PARAM ] array (
  'addon' => 'crontab',
  'controller' => 'autotask',
  'action' => 'index',
)
[ 2018-07-14T08:45:02+08:00 ][ info ] [ RUN ] think\addons\Route->execute[ E:\phpstudy\WWW\chat\vendor\karsonzhang\fastadmin-addons\src\addons\Route.php ]
[ 2018-07-14T08:45:02+08:00 ][ info ] [ LANG ] E:\phpstudy\WWW\chat\public/../application/common\lang\zh-cn\addon.php
[ 2018-07-14T08:45:02+08:00 ][ info ] [ BEHAVIOR ] Run app\common\behavior\Common @addon_begin [ RunTime:0.002000s ]
[ 2018-07-14T08:45:02+08:00 ][ info ] [ DB ] INIT mysql
[ 2018-07-14T08:45:02+08:00 ][ sql ] [ DB ] CONNECT:[ UseTime:0.003000s ] mysql:host=127.0.0.1;port=3306;dbname=fastadmin;charset=utf8
[ 2018-07-14T08:45:02+08:00 ][ sql ] [ SQL ] SHOW COLUMNS FROM `fa_crontab` [ RunTime:0.024002s ]
[ 2018-07-14T08:45:02+08:00 ][ sql ] [ SQL ] SELECT * FROM `fa_crontab` WHERE  `status` = 'normal' ORDER BY `weigh` DESC,`id` DESC [ RunTime:0.002000s ]
[ 2018-07-14T08:45:02+08:00 ][ sql ] [ SQL ] UPDATE `fa_crontab`  SET `executes`=2066,`executetime`=1531529102,`updatetime`=1531529102  WHERE  `id` = 3 [ RunTime:0.073004s ]
[ 2018-07-14T08:46:02+08:00 ][ info ] [ BEHAVIOR ] Run Closure @app_init [ RunTime:0.000000s ]
[ info ] [ LOG ] INIT File
[ 2018-07-14T08:46:02+08:00 ][ info ] [ CACHE ] INIT File
[ 2018-07-14T08:46:02+08:00 ][ info ] [ BEHAVIOR ] Run Closure @app_init [ RunTime:0.005001s ]
[ 2018-07-14T08:46:02+08:00 ][ info ] [ LANG ] E:\phpstudy\WWW\chat\thinkphp\lang\zh-cn.php
[ 2018-07-14T08:46:02+08:00 ][ info ] [ ROUTE ] array (
  'type' => 'method',
  'method' => 
  array (
    0 => '\\think\\addons\\Route',
    1 => 'execute',
  ),
  'var' => 
  array (
  ),
)
[ 2018-07-14T08:46:02+08:00 ][ info ] [ HEADER ] array (
)
[ 2018-07-14T08:46:02+08:00 ][ info ] [ PARAM ] array (
  'addon' => 'crontab',
  'controller' => 'autotask',
  'action' => 'index',
)
[ 2018-07-14T08:46:02+08:00 ][ info ] [ RUN ] think\addons\Route->execute[ E:\phpstudy\WWW\chat\vendor\karsonzhang\fastadmin-addons\src\addons\Route.php ]
[ 2018-07-14T08:46:02+08:00 ][ info ] [ LANG ] E:\phpstudy\WWW\chat\public/../application/common\lang\zh-cn\addon.php
[ 2018-07-14T08:46:02+08:00 ][ info ] [ BEHAVIOR ] Run app\common\behavior\Common @addon_begin [ RunTime:0.002000s ]
[ 2018-07-14T08:46:02+08:00 ][ info ] [ DB ] INIT mysql
[ 2018-07-14T08:46:03+08:00 ][ sql ] [ DB ] CONNECT:[ UseTime:0.012001s ] mysql:host=127.0.0.1;port=3306;dbname=fastadmin;charset=utf8
[ 2018-07-14T08:46:03+08:00 ][ sql ] [ SQL ] SHOW COLUMNS FROM `fa_crontab` [ RunTime:0.023001s ]
[ 2018-07-14T08:46:03+08:00 ][ sql ] [ SQL ] SELECT * FROM `fa_crontab` WHERE  `status` = 'normal' ORDER BY `weigh` DESC,`id` DESC [ RunTime:0.001000s ]
[ 2018-07-14T08:46:03+08:00 ][ sql ] [ SQL ] UPDATE `fa_crontab`  SET `executes`=2067,`executetime`=1531529162,`updatetime`=1531529163  WHERE  `id` = 3 [ RunTime:0.130008s ]
[ 2018-07-14T08:47:02+08:00 ][ info ] [ BEHAVIOR ] Run Closure @app_init [ RunTime:0.001001s ]
[ info ] [ LOG ] INIT File
[ 2018-07-14T08:47:02+08:00 ][ info ] [ CACHE ] INIT File
[ 2018-07-14T08:47:02+08:00 ][ info ] [ BEHAVIOR ] Run Closure @app_init [ RunTime:0.006000s ]
[ 2018-07-14T08:47:02+08:00 ][ info ] [ LANG ] E:\phpstudy\WWW\chat\thinkphp\lang\zh-cn.php
[ 2018-07-14T08:47:02+08:00 ][ info ] [ ROUTE ] array (
  'type' => 'method',
  'method' => 
  array (
    0 => '\\think\\addons\\Route',
    1 => 'execute',
  ),
  'var' => 
  array (
  ),
)
[ 2018-07-14T08:47:02+08:00 ][ info ] [ HEADER ] array (
)
[ 2018-07-14T08:47:02+08:00 ][ info ] [ PARAM ] array (
  'addon' => 'crontab',
  'controller' => 'autotask',
  'action' => 'index',
)
[ 2018-07-14T08:47:02+08:00 ][ info ] [ RUN ] think\addons\Route->execute[ E:\phpstudy\WWW\chat\vendor\karsonzhang\fastadmin-addons\src\addons\Route.php ]
[ 2018-07-14T08:47:02+08:00 ][ info ] [ LANG ] E:\phpstudy\WWW\chat\public/../application/common\lang\zh-cn\addon.php
[ 2018-07-14T08:47:02+08:00 ][ info ] [ BEHAVIOR ] Run app\common\behavior\Common @addon_begin [ RunTime:0.002000s ]
[ 2018-07-14T08:47:02+08:00 ][ info ] [ DB ] INIT mysql
[ 2018-07-14T08:47:02+08:00 ][ sql ] [ DB ] CONNECT:[ UseTime:0.013000s ] mysql:host=127.0.0.1;port=3306;dbname=fastadmin;charset=utf8
[ 2018-07-14T08:47:02+08:00 ][ sql ] [ SQL ] SHOW COLUMNS FROM `fa_crontab` [ RunTime:0.016001s ]
[ 2018-07-14T08:47:02+08:00 ][ sql ] [ SQL ] SELECT * FROM `fa_crontab` WHERE  `status` = 'normal' ORDER BY `weigh` DESC,`id` DESC [ RunTime:0.002001s ]
[ 2018-07-14T08:47:02+08:00 ][ sql ] [ SQL ] UPDATE `fa_crontab`  SET `executes`=2068,`executetime`=1531529222,`updatetime`=1531529222  WHERE  `id` = 3 [ RunTime:0.041002s ]
[ 2018-07-14T08:48:02+08:00 ][ info ] [ BEHAVIOR ] Run Closure @app_init [ RunTime:0.001000s ]
[ info ] [ LOG ] INIT File
[ 2018-07-14T08:48:02+08:00 ][ info ] [ CACHE ] INIT File
[ 2018-07-14T08:48:02+08:00 ][ info ] [ BEHAVIOR ] Run Closure @app_init [ RunTime:0.009001s ]
[ 2018-07-14T08:48:02+08:00 ][ info ] [ LANG ] E:\phpstudy\WWW\chat\thinkphp\lang\zh-cn.php
[ 2018-07-14T08:48:02+08:00 ][ info ] [ ROUTE ] array (
  'type' => 'method',
  'method' => 
  array (
    0 => '\\think\\addons\\Route',
    1 => 'execute',
  ),
  'var' => 
  array (
  ),
)
[ 2018-07-14T08:48:02+08:00 ][ info ] [ HEADER ] array (
)
[ 2018-07-14T08:48:02+08:00 ][ info ] [ PARAM ] array (
  'addon' => 'crontab',
  'controller' => 'autotask',
  'action' => 'index',
)
[ 2018-07-14T08:48:02+08:00 ][ info ] [ RUN ] think\addons\Route->execute[ E:\phpstudy\WWW\chat\vendor\karsonzhang\fastadmin-addons\src\addons\Route.php ]
[ 2018-07-14T08:48:02+08:00 ][ info ] [ LANG ] E:\phpstudy\WWW\chat\public/../application/common\lang\zh-cn\addon.php
[ 2018-07-14T08:48:02+08:00 ][ info ] [ BEHAVIOR ] Run app\common\behavior\Common @addon_begin [ RunTime:0.003000s ]
[ 2018-07-14T08:48:02+08:00 ][ info ] [ DB ] INIT mysql
[ 2018-07-14T08:48:02+08:00 ][ sql ] [ DB ] CONNECT:[ UseTime:0.003000s ] mysql:host=127.0.0.1;port=3306;dbname=fastadmin;charset=utf8
[ 2018-07-14T08:48:02+08:00 ][ sql ] [ SQL ] SHOW COLUMNS FROM `fa_crontab` [ RunTime:0.020001s ]
[ 2018-07-14T08:48:02+08:00 ][ sql ] [ SQL ] SELECT * FROM `fa_crontab` WHERE  `status` = 'normal' ORDER BY `weigh` DESC,`id` DESC [ RunTime:0.001000s ]
[ 2018-07-14T08:48:02+08:00 ][ sql ] [ SQL ] UPDATE `fa_crontab`  SET `executes`=2069,`executetime`=1531529282,`updatetime`=1531529282  WHERE  `id` = 3 [ RunTime:0.040002s ]
[ 2018-07-14T08:49:02+08:00 ][ info ] [ BEHAVIOR ] Run Closure @app_init [ RunTime:0.000000s ]
[ info ] [ LOG ] INIT File
[ 2018-07-14T08:49:02+08:00 ][ info ] [ CACHE ] INIT File
[ 2018-07-14T08:49:02+08:00 ][ info ] [ BEHAVIOR ] Run Closure @app_init [ RunTime:0.007000s ]
[ 2018-07-14T08:49:02+08:00 ][ info ] [ LANG ] E:\phpstudy\WWW\chat\thinkphp\lang\zh-cn.php
[ 2018-07-14T08:49:02+08:00 ][ info ] [ ROUTE ] array (
  'type' => 'method',
  'method' => 
  array (
    0 => '\\think\\addons\\Route',
    1 => 'execute',
  ),
  'var' => 
  array (
  ),
)
[ 2018-07-14T08:49:02+08:00 ][ info ] [ HEADER ] array (
)
[ 2018-07-14T08:49:02+08:00 ][ info ] [ PARAM ] array (
  'addon' => 'crontab',
  'controller' => 'autotask',
  'action' => 'index',
)
[ 2018-07-14T08:49:02+08:00 ][ info ] [ RUN ] think\addons\Route->execute[ E:\phpstudy\WWW\chat\vendor\karsonzhang\fastadmin-addons\src\addons\Route.php ]
[ 2018-07-14T08:49:02+08:00 ][ info ] [ LANG ] E:\phpstudy\WWW\chat\public/../application/common\lang\zh-cn\addon.php
[ 2018-07-14T08:49:02+08:00 ][ info ] [ BEHAVIOR ] Run app\common\behavior\Common @addon_begin [ RunTime:0.003000s ]
[ 2018-07-14T08:49:02+08:00 ][ info ] [ DB ] INIT mysql
[ 2018-07-14T08:49:02+08:00 ][ sql ] [ DB ] CONNECT:[ UseTime:0.008000s ] mysql:host=127.0.0.1;port=3306;dbname=fastadmin;charset=utf8
[ 2018-07-14T08:49:02+08:00 ][ sql ] [ SQL ] SHOW COLUMNS FROM `fa_crontab` [ RunTime:0.018001s ]
[ 2018-07-14T08:49:02+08:00 ][ sql ] [ SQL ] SELECT * FROM `fa_crontab` WHERE  `status` = 'normal' ORDER BY `weigh` DESC,`id` DESC [ RunTime:0.000000s ]
[ 2018-07-14T08:49:02+08:00 ][ sql ] [ SQL ] UPDATE `fa_crontab`  SET `executes`=2070,`executetime`=1531529342,`updatetime`=1531529342  WHERE  `id` = 3 [ RunTime:0.040002s ]
[ 2018-07-14T08:50:02+08:00 ][ info ] [ BEHAVIOR ] Run Closure @app_init [ RunTime:0.000000s ]
[ info ] [ LOG ] INIT File
[ 2018-07-14T08:50:02+08:00 ][ info ] [ CACHE ] INIT File
[ 2018-07-14T08:50:02+08:00 ][ info ] [ BEHAVIOR ] Run Closure @app_init [ RunTime:0.008000s ]
[ 2018-07-14T08:50:02+08:00 ][ info ] [ LANG ] E:\phpstudy\WWW\chat\thinkphp\lang\zh-cn.php
[ 2018-07-14T08:50:02+08:00 ][ info ] [ ROUTE ] array (
  'type' => 'method',
  'method' => 
  array (
    0 => '\\think\\addons\\Route',
    1 => 'execute',
  ),
  'var' => 
  array (
  ),
)
[ 2018-07-14T08:50:02+08:00 ][ info ] [ HEADER ] array (
)
[ 2018-07-14T08:50:02+08:00 ][ info ] [ PARAM ] array (
  'addon' => 'crontab',
  'controller' => 'autotask',
  'action' => 'index',
)
[ 2018-07-14T08:50:02+08:00 ][ info ] [ RUN ] think\addons\Route->execute[ E:\phpstudy\WWW\chat\vendor\karsonzhang\fastadmin-addons\src\addons\Route.php ]
[ 2018-07-14T08:50:02+08:00 ][ info ] [ LANG ] E:\phpstudy\WWW\chat\public/../application/common\lang\zh-cn\addon.php
[ 2018-07-14T08:50:02+08:00 ][ info ] [ BEHAVIOR ] Run app\common\behavior\Common @addon_begin [ RunTime:0.003000s ]
[ 2018-07-14T08:50:02+08:00 ][ info ] [ DB ] INIT mysql
[ 2018-07-14T08:50:02+08:00 ][ sql ] [ DB ] CONNECT:[ UseTime:0.003000s ] mysql:host=127.0.0.1;port=3306;dbname=fastadmin;charset=utf8
[ 2018-07-14T08:50:02+08:00 ][ sql ] [ SQL ] SHOW COLUMNS FROM `fa_crontab` [ RunTime:0.024002s ]
[ 2018-07-14T08:50:02+08:00 ][ sql ] [ SQL ] SELECT * FROM `fa_crontab` WHERE  `status` = 'normal' ORDER BY `weigh` DESC,`id` DESC [ RunTime:0.000000s ]
[ 2018-07-14T08:50:02+08:00 ][ sql ] [ SQL ] UPDATE `fa_crontab`  SET `executes`=2071,`executetime`=1531529402,`updatetime`=1531529402  WHERE  `id` = 3 [ RunTime:0.066004s ]
[ 2018-07-14T08:51:02+08:00 ][ info ] [ BEHAVIOR ] Run Closure @app_init [ RunTime:0.001000s ]
[ info ] [ LOG ] INIT File
[ 2018-07-14T08:51:02+08:00 ][ info ] [ CACHE ] INIT File
[ 2018-07-14T08:51:02+08:00 ][ info ] [ BEHAVIOR ] Run Closure @app_init [ RunTime:0.007000s ]
[ 2018-07-14T08:51:02+08:00 ][ info ] [ LANG ] E:\phpstudy\WWW\chat\thinkphp\lang\zh-cn.php
[ 2018-07-14T08:51:02+08:00 ][ info ] [ ROUTE ] array (
  'type' => 'method',
  'method' => 
  array (
    0 => '\\think\\addons\\Route',
    1 => 'execute',
  ),
  'var' => 
  array (
  ),
)
[ 2018-07-14T08:51:02+08:00 ][ info ] [ HEADER ] array (
)
[ 2018-07-14T08:51:02+08:00 ][ info ] [ PARAM ] array (
  'addon' => 'crontab',
  'controller' => 'autotask',
  'action' => 'index',
)
[ 2018-07-14T08:51:02+08:00 ][ info ] [ RUN ] think\addons\Route->execute[ E:\phpstudy\WWW\chat\vendor\karsonzhang\fastadmin-addons\src\addons\Route.php ]
[ 2018-07-14T08:51:02+08:00 ][ info ] [ LANG ] E:\phpstudy\WWW\chat\public/../application/common\lang\zh-cn\addon.php
[ 2018-07-14T08:51:02+08:00 ][ info ] [ BEHAVIOR ] Run app\common\behavior\Common @addon_begin [ RunTime:0.003000s ]
[ 2018-07-14T08:51:02+08:00 ][ info ] [ DB ] INIT mysql
[ 2018-07-14T08:51:02+08:00 ][ sql ] [ DB ] CONNECT:[ UseTime:0.007000s ] mysql:host=127.0.0.1;port=3306;dbname=fastadmin;charset=utf8
[ 2018-07-14T08:51:02+08:00 ][ sql ] [ SQL ] SHOW COLUMNS FROM `fa_crontab` [ RunTime:0.015001s ]
[ 2018-07-14T08:51:02+08:00 ][ sql ] [ SQL ] SELECT * FROM `fa_crontab` WHERE  `status` = 'normal' ORDER BY `weigh` DESC,`id` DESC [ RunTime:0.001000s ]
[ 2018-07-14T08:51:02+08:00 ][ sql ] [ SQL ] UPDATE `fa_crontab`  SET `executes`=2072,`executetime`=1531529462,`updatetime`=1531529462  WHERE  `id` = 3 [ RunTime:0.041002s ]
[ 2018-07-14T08:52:02+08:00 ][ info ] [ BEHAVIOR ] Run Closure @app_init [ RunTime:0.000000s ]
[ info ] [ LOG ] INIT File
[ 2018-07-14T08:52:02+08:00 ][ info ] [ CACHE ] INIT File
[ 2018-07-14T08:52:02+08:00 ][ info ] [ BEHAVIOR ] Run Closure @app_init [ RunTime:0.007000s ]
[ 2018-07-14T08:52:02+08:00 ][ info ] [ LANG ] E:\phpstudy\WWW\chat\thinkphp\lang\zh-cn.php
[ 2018-07-14T08:52:02+08:00 ][ info ] [ ROUTE ] array (
  'type' => 'method',
  'method' => 
  array (
    0 => '\\think\\addons\\Route',
    1 => 'execute',
  ),
  'var' => 
  array (
  ),
)
[ 2018-07-14T08:52:02+08:00 ][ info ] [ HEADER ] array (
)
[ 2018-07-14T08:52:02+08:00 ][ info ] [ PARAM ] array (
  'addon' => 'crontab',
  'controller' => 'autotask',
  'action' => 'index',
)
[ 2018-07-14T08:52:02+08:00 ][ info ] [ RUN ] think\addons\Route->execute[ E:\phpstudy\WWW\chat\vendor\karsonzhang\fastadmin-addons\src\addons\Route.php ]
[ 2018-07-14T08:52:02+08:00 ][ info ] [ LANG ] E:\phpstudy\WWW\chat\public/../application/common\lang\zh-cn\addon.php
[ 2018-07-14T08:52:02+08:00 ][ info ] [ BEHAVIOR ] Run app\common\behavior\Common @addon_begin [ RunTime:0.002000s ]
[ 2018-07-14T08:52:02+08:00 ][ info ] [ DB ] INIT mysql
[ 2018-07-14T08:52:02+08:00 ][ sql ] [ DB ] CONNECT:[ UseTime:0.003000s ] mysql:host=127.0.0.1;port=3306;dbname=fastadmin;charset=utf8
[ 2018-07-14T08:52:02+08:00 ][ sql ] [ SQL ] SHOW COLUMNS FROM `fa_crontab` [ RunTime:0.013000s ]
[ 2018-07-14T08:52:02+08:00 ][ sql ] [ SQL ] SELECT * FROM `fa_crontab` WHERE  `status` = 'normal' ORDER BY `weigh` DESC,`id` DESC [ RunTime:0.001000s ]
[ 2018-07-14T08:52:02+08:00 ][ sql ] [ SQL ] UPDATE `fa_crontab`  SET `executes`=2073,`executetime`=1531529522,`updatetime`=1531529522  WHERE  `id` = 3 [ RunTime:0.043003s ]
[ 2018-07-14T08:53:02+08:00 ][ info ] [ BEHAVIOR ] Run Closure @app_init [ RunTime:0.000000s ]
[ info ] [ LOG ] INIT File
[ 2018-07-14T08:53:02+08:00 ][ info ] [ CACHE ] INIT File
[ 2018-07-14T08:53:02+08:00 ][ info ] [ BEHAVIOR ] Run Closure @app_init [ RunTime:0.008001s ]
[ 2018-07-14T08:53:02+08:00 ][ info ] [ LANG ] E:\phpstudy\WWW\chat\thinkphp\lang\zh-cn.php
[ 2018-07-14T08:53:02+08:00 ][ info ] [ ROUTE ] array (
  'type' => 'method',
  'method' => 
  array (
    0 => '\\think\\addons\\Route',
    1 => 'execute',
  ),
  'var' => 
  array (
  ),
)
[ 2018-07-14T08:53:02+08:00 ][ info ] [ HEADER ] array (
)
[ 2018-07-14T08:53:02+08:00 ][ info ] [ PARAM ] array (
  'addon' => 'crontab',
  'controller' => 'autotask',
  'action' => 'index',
)
[ 2018-07-14T08:53:02+08:00 ][ info ] [ RUN ] think\addons\Route->execute[ E:\phpstudy\WWW\chat\vendor\karsonzhang\fastadmin-addons\src\addons\Route.php ]
[ 2018-07-14T08:53:02+08:00 ][ info ] [ LANG ] E:\phpstudy\WWW\chat\public/../application/common\lang\zh-cn\addon.php
[ 2018-07-14T08:53:02+08:00 ][ info ] [ BEHAVIOR ] Run app\common\behavior\Common @addon_begin [ RunTime:0.002000s ]
[ 2018-07-14T08:53:02+08:00 ][ info ] [ DB ] INIT mysql
[ 2018-07-14T08:53:02+08:00 ][ sql ] [ DB ] CONNECT:[ UseTime:0.006000s ] mysql:host=127.0.0.1;port=3306;dbname=fastadmin;charset=utf8
[ 2018-07-14T08:53:02+08:00 ][ sql ] [ SQL ] SHOW COLUMNS FROM `fa_crontab` [ RunTime:0.011000s ]
[ 2018-07-14T08:53:02+08:00 ][ sql ] [ SQL ] SELECT * FROM `fa_crontab` WHERE  `status` = 'normal' ORDER BY `weigh` DESC,`id` DESC [ RunTime:0.001000s ]
[ 2018-07-14T08:53:02+08:00 ][ sql ] [ SQL ] UPDATE `fa_crontab`  SET `executes`=2074,`executetime`=1531529582,`updatetime`=1531529582  WHERE  `id` = 3 [ RunTime:0.038002s ]
[ 2018-07-14T08:54:02+08:00 ][ info ] [ BEHAVIOR ] Run Closure @app_init [ RunTime:0.001000s ]
[ info ] [ LOG ] INIT File
[ 2018-07-14T08:54:02+08:00 ][ info ] [ CACHE ] INIT File
[ 2018-07-14T08:54:02+08:00 ][ info ] [ BEHAVIOR ] Run Closure @app_init [ RunTime:0.010001s ]
[ 2018-07-14T08:54:02+08:00 ][ info ] [ LANG ] E:\phpstudy\WWW\chat\thinkphp\lang\zh-cn.php
[ 2018-07-14T08:54:02+08:00 ][ info ] [ ROUTE ] array (
  'type' => 'method',
  'method' => 
  array (
    0 => '\\think\\addons\\Route',
    1 => 'execute',
  ),
  'var' => 
  array (
  ),
)
[ 2018-07-14T08:54:02+08:00 ][ info ] [ HEADER ] array (
)
[ 2018-07-14T08:54:02+08:00 ][ info ] [ PARAM ] array (
  'addon' => 'crontab',
  'controller' => 'autotask',
  'action' => 'index',
)
[ 2018-07-14T08:54:02+08:00 ][ info ] [ RUN ] think\addons\Route->execute[ E:\phpstudy\WWW\chat\vendor\karsonzhang\fastadmin-addons\src\addons\Route.php ]
[ 2018-07-14T08:54:02+08:00 ][ info ] [ LANG ] E:\phpstudy\WWW\chat\public/../application/common\lang\zh-cn\addon.php
[ 2018-07-14T08:54:02+08:00 ][ info ] [ BEHAVIOR ] Run app\common\behavior\Common @addon_begin [ RunTime:0.004000s ]
[ 2018-07-14T08:54:02+08:00 ][ info ] [ DB ] INIT mysql
[ 2018-07-14T08:54:02+08:00 ][ sql ] [ DB ] CONNECT:[ UseTime:0.004000s ] mysql:host=127.0.0.1;port=3306;dbname=fastadmin;charset=utf8
[ 2018-07-14T08:54:02+08:00 ][ sql ] [ SQL ] SHOW COLUMNS FROM `fa_crontab` [ RunTime:0.020001s ]
[ 2018-07-14T08:54:02+08:00 ][ sql ] [ SQL ] SELECT * FROM `fa_crontab` WHERE  `status` = 'normal' ORDER BY `weigh` DESC,`id` DESC [ RunTime:0.000000s ]
[ 2018-07-14T08:54:02+08:00 ][ sql ] [ SQL ] UPDATE `fa_crontab`  SET `executes`=2075,`executetime`=1531529642,`updatetime`=1531529642  WHERE  `id` = 3 [ RunTime:0.284016s ]
[ 2018-07-14T08:55:02+08:00 ][ info ] [ BEHAVIOR ] Run Closure @app_init [ RunTime:0.000000s ]
[ info ] [ LOG ] INIT File
[ 2018-07-14T08:55:02+08:00 ][ info ] [ CACHE ] INIT File
[ 2018-07-14T08:55:02+08:00 ][ info ] [ BEHAVIOR ] Run Closure @app_init [ RunTime:0.006000s ]
[ 2018-07-14T08:55:02+08:00 ][ info ] [ LANG ] E:\phpstudy\WWW\chat\thinkphp\lang\zh-cn.php
[ 2018-07-14T08:55:02+08:00 ][ info ] [ ROUTE ] array (
  'type' => 'method',
  'method' => 
  array (
    0 => '\\think\\addons\\Route',
    1 => 'execute',
  ),
  'var' => 
  array (
  ),
)
[ 2018-07-14T08:55:02+08:00 ][ info ] [ HEADER ] array (
)
[ 2018-07-14T08:55:02+08:00 ][ info ] [ PARAM ] array (
  'addon' => 'crontab',
  'controller' => 'autotask',
  'action' => 'index',
)
[ 2018-07-14T08:55:02+08:00 ][ info ] [ RUN ] think\addons\Route->execute[ E:\phpstudy\WWW\chat\vendor\karsonzhang\fastadmin-addons\src\addons\Route.php ]
[ 2018-07-14T08:55:02+08:00 ][ info ] [ LANG ] E:\phpstudy\WWW\chat\public/../application/common\lang\zh-cn\addon.php
[ 2018-07-14T08:55:02+08:00 ][ info ] [ BEHAVIOR ] Run app\common\behavior\Common @addon_begin [ RunTime:0.002001s ]
[ 2018-07-14T08:55:02+08:00 ][ info ] [ DB ] INIT mysql
[ 2018-07-14T08:55:02+08:00 ][ sql ] [ DB ] CONNECT:[ UseTime:0.003000s ] mysql:host=127.0.0.1;port=3306;dbname=fastadmin;charset=utf8
[ 2018-07-14T08:55:02+08:00 ][ sql ] [ SQL ] SHOW COLUMNS FROM `fa_crontab` [ RunTime:0.020002s ]
[ 2018-07-14T08:55:02+08:00 ][ sql ] [ SQL ] SELECT * FROM `fa_crontab` WHERE  `status` = 'normal' ORDER BY `weigh` DESC,`id` DESC [ RunTime:0.002000s ]
[ 2018-07-14T08:55:02+08:00 ][ sql ] [ SQL ] UPDATE `fa_crontab`  SET `executes`=2076,`executetime`=1531529702,`updatetime`=1531529702  WHERE  `id` = 3 [ RunTime:0.045003s ]
